Hit:1 http://deb.debian.org/debian bookworm InRelease
Get:2 http://deb.debian.org/debian bookworm-updates InRelease [55.4 kB]
Get:3 http://deb.debian.org/debian-security bookworm-security InRelease [48.0 kB]
Fetched 103 kB in 0s (605 kB/s)
Reading package lists...
Reading package lists...
Building dependency tree...
Reading state information...
The following additional packages will be installed:
  binutils binutils-common binutils-x86-64-linux-gnu cpp cpp-12
  fontconfig-config fonts-dejavu-core gcc-12 libabsl20220623 libaom3 libasan8
  libatomic1 libavif15 libbinutils libc-dev-bin libc-devtools libc6-dev
  libcc1-0 libcrypt-dev libctf-nobfd0 libctf0 libcurl4 libdav1d6 libde265-0
  libdeflate0 libfontconfig1 libfreetype6 libgav1-1 libgcc-12-dev libgd3
  libgomp1 libgprofng0 libheif1 libisl23 libitm1 libjansson4 libjbig0
  libjpeg62-turbo liblerc4 liblsan0 libmpc3 libmpfr6 libnsl-dev libnsl2
  libnuma1 libpng16-16 libquadmath0 librav1e0 libsvtav1enc1 libtiff6
  libtirpc-common libtirpc-dev libtirpc3 libtsan2 libubsan1 libwebp7
  libx265-199 libxpm4 libyuv0 linux-libc-dev manpages manpages-dev
  rpcsvc-proto
Suggested packages:
  binutils-doc cpp-doc gcc-12-locales cpp-12-doc gcc-multilib make autoconf
  automake libtool flex bison gdb gcc-doc gcc-12-multilib gcc-12-doc glibc-doc
  libgd-tools man-browser
The following NEW packages will be installed:
  binutils binutils-common binutils-x86-64-linux-gnu cpp cpp-12 curl
  fontconfig-config fonts-dejavu-core gcc gcc-12 libabsl20220623 libaom3
  libasan8 libatomic1 libavif15 libbinutils libc-dev-bin libc-devtools
  libc6-dev libcc1-0 libcrypt-dev libctf-nobfd0 libctf0 libcurl4 libdav1d6
  libde265-0 libdeflate0 libfontconfig1 libfreetype6 libgav1-1 libgcc-12-dev
  libgd3 libgomp1 libgprofng0 libheif1 libisl23 libitm1 libjansson4 libjbig0
  libjpeg62-turbo liblerc4 liblsan0 libmpc3 libmpfr6 libnsl-dev libnsl2
  libnuma1 libpng16-16 libquadmath0 librav1e0 libsvtav1enc1 libtiff6
  libtirpc-common libtirpc-dev libtirpc3 libtsan2 libubsan1 libwebp7
  libx265-199 libxpm4 libyuv0 linux-libc-dev manpages manpages-dev
  rpcsvc-proto
0 upgraded, 65 newly installed, 0 to remove and 0 not upgraded.
Need to get 66.3 MB of archives.
After this operation, 256 MB of additional disk space will be used.
Get:1 http://deb.debian.org/debian bookworm/main amd64 manpages all 6.03-2 [1332 kB]
Get:2 http://deb.debian.org/debian bookworm/main amd64 binutils-common amd64 2.40-2 [2487 kB]
Get:3 http://deb.debian.org/debian bookworm/main amd64 libbinutils amd64 2.40-2 [572 kB]
Get:4 http://deb.debian.org/debian bookworm/main amd64 libctf-nobfd0 amd64 2.40-2 [153 kB]
Get:5 http://deb.debian.org/debian bookworm/main amd64 libctf0 amd64 2.40-2 [89.8 kB]
Get:6 http://deb.debian.org/debian bookworm/main amd64 libgprofng0 amd64 2.40-2 [812 kB]
Get:7 http://deb.debian.org/debian bookworm/main amd64 libjansson4 amd64 2.14-2 [40.8 kB]
Get:8 http://deb.debian.org/debian bookworm/main amd64 binutils-x86-64-linux-gnu amd64 2.40-2 [2246 kB]
Get:9 http://deb.debian.org/debian bookworm/main amd64 binutils amd64 2.40-2 [65.0 kB]
Get:10 http://deb.debian.org/debian bookworm/main amd64 libisl23 amd64 0.25-1.1 [683 kB]
Get:11 http://deb.debian.org/debian bookworm/main amd64 libmpfr6 amd64 4.2.0-1 [701 kB]
Get:12 http://deb.debian.org/debian bookworm/main amd64 libmpc3 amd64 1.3.1-1 [51.5 kB]
Get:13 http://deb.debian.org/debian bookworm/main amd64 cpp-12 amd64 12.2.0-14+deb12u1 [9768 kB]
Get:14 http://deb.debian.org/debian bookworm/main amd64 cpp amd64 4:12.2.0-3 [6836 B]
Get:15 http://deb.debian.org/debian bookworm/main amd64 libcurl4 amd64 7.88.1-10+deb12u14 [392 kB]
Get:16 http://deb.debian.org/debian bookworm/main amd64 curl amd64 7.88.1-10+deb12u14 [316 kB]
Get:17 http://deb.debian.org/debian bookworm/main amd64 fonts-dejavu-core all 2.37-6 [1068 kB]
Get:18 http://deb.debian.org/debian bookworm/main amd64 fontconfig-config amd64 2.14.1-4 [315 kB]
Get:19 http://deb.debian.org/debian bookworm/main amd64 libcc1-0 amd64 12.2.0-14+deb12u1 [41.7 kB]
Get:20 http://deb.debian.org/debian bookworm/main amd64 libgomp1 amd64 12.2.0-14+deb12u1 [116 kB]
Get:21 http://deb.debian.org/debian bookworm/main amd64 libitm1 amd64 12.2.0-14+deb12u1 [26.1 kB]
Get:22 http://deb.debian.org/debian bookworm/main amd64 libatomic1 amd64 12.2.0-14+deb12u1 [9376 B]
Get:23 http://deb.debian.org/debian bookworm/main amd64 libasan8 amd64 12.2.0-14+deb12u1 [2193 kB]
Get:24 http://deb.debian.org/debian bookworm/main amd64 liblsan0 amd64 12.2.0-14+deb12u1 [969 kB]
Get:25 http://deb.debian.org/debian bookworm/main amd64 libtsan2 amd64 12.2.0-14+deb12u1 [2197 kB]
Get:26 http://deb.debian.org/debian bookworm/main amd64 libubsan1 amd64 12.2.0-14+deb12u1 [883 kB]
Get:27 http://deb.debian.org/debian bookworm/main amd64 libquadmath0 amd64 12.2.0-14+deb12u1 [145 kB]
Get:28 http://deb.debian.org/debian bookworm/main amd64 libgcc-12-dev amd64 12.2.0-14+deb12u1 [2437 kB]
Get:29 http://deb.debian.org/debian bookworm/main amd64 gcc-12 amd64 12.2.0-14+deb12u1 [19.3 MB]
Get:30 http://deb.debian.org/debian bookworm/main amd64 gcc amd64 4:12.2.0-3 [5216 B]
Get:31 http://deb.debian.org/debian bookworm/main amd64 libabsl20220623 amd64 20220623.1-1+deb12u2 [391 kB]
Get:32 http://deb.debian.org/debian bookworm/main amd64 libaom3 amd64 3.6.0-1+deb12u2 [1850 kB]
Get:33 http://deb.debian.org/debian bookworm/main amd64 libdav1d6 amd64 1.0.0-2+deb12u1 [513 kB]
Get:34 http://deb.debian.org/debian bookworm/main amd64 libgav1-1 amd64 0.18.0-1+b1 [332 kB]
Get:35 http://deb.debian.org/debian bookworm/main amd64 librav1e0 amd64 0.5.1-6 [763 kB]
Get:36 http://deb.debian.org/debian bookworm/main amd64 libsvtav1enc1 amd64 1.4.1+dfsg-1 [2121 kB]
Get:37 http://deb.debian.org/debian bookworm/main amd64 libjpeg62-turbo amd64 1:2.1.5-2 [166 kB]
Get:38 http://deb.debian.org/debian bookworm/main amd64 libyuv0 amd64 0.0~git20230123.b2528b0-1 [168 kB]
Get:39 http://deb.debian.org/debian bookworm/main amd64 libavif15 amd64 0.11.1-1+deb12u1 [94.4 kB]
Get:40 http://deb.debian.org/debian bookworm/main amd64 libc-dev-bin amd64 2.36-9+deb12u13 [47.4 kB]
Get:41 http://deb.debian.org/debian-security bookworm-security/main amd64 libpng16-16 amd64 1.6.39-2+deb12u1 [276 kB]
Get:42 http://deb.debian.org/debian bookworm/main amd64 libfreetype6 amd64 2.12.1+dfsg-5+deb12u4 [398 kB]
Get:43 http://deb.debian.org/debian bookworm/main amd64 libfontconfig1 amd64 2.14.1-4 [386 kB]
Get:44 http://deb.debian.org/debian bookworm/main amd64 libde265-0 amd64 1.0.11-1+deb12u2 [185 kB]
Get:45 http://deb.debian.org/debian bookworm/main amd64 libnuma1 amd64 2.0.16-1 [21.0 kB]
Get:46 http://deb.debian.org/debian bookworm/main amd64 libx265-199 amd64 3.5-2+b1 [1150 kB]
Get:47 http://deb.debian.org/debian bookworm/main amd64 libheif1 amd64 1.15.1-1+deb12u1 [215 kB]
Get:48 http://deb.debian.org/debian bookworm/main amd64 libdeflate0 amd64 1.14-1 [61.4 kB]
Get:49 http://deb.debian.org/debian bookworm/main amd64 libjbig0 amd64 2.1-6.1 [31.7 kB]
Get:50 http://deb.debian.org/debian bookworm/main amd64 liblerc4 amd64 4.0.0+ds-2 [170 kB]
Get:51 http://deb.debian.org/debian bookworm/main amd64 libwebp7 amd64 1.2.4-0.2+deb12u1 [286 kB]
Get:52 http://deb.debian.org/debian-security bookworm-security/main amd64 libtiff6 amd64 4.5.0-6+deb12u3 [316 kB]
Get:53 http://deb.debian.org/debian bookworm/main amd64 libxpm4 amd64 1:3.5.12-1.1+deb12u1 [48.6 kB]
Get:54 http://deb.debian.org/debian bookworm/main amd64 libgd3 amd64 2.3.3-9 [124 kB]
Get:55 http://deb.debian.org/debian bookworm/main amd64 libc-devtools amd64 2.36-9+deb12u13 [55.0 kB]
Get:56 http://deb.debian.org/debian-security bookworm-security/main amd64 linux-libc-dev amd64 6.1.158-1 [2204 kB]
Get:57 http://deb.debian.org/debian bookworm/main amd64 libcrypt-dev amd64 1:4.4.33-2 [118 kB]
Get:58 http://deb.debian.org/debian bookworm/main amd64 libtirpc-common all 1.3.3+ds-1 [14.0 kB]
Get:59 http://deb.debian.org/debian bookworm/main amd64 libtirpc3 amd64 1.3.3+ds-1 [85.2 kB]
Get:60 http://deb.debian.org/debian bookworm/main amd64 libnsl2 amd64 1.3.0-2 [39.5 kB]
Get:61 http://deb.debian.org/debian bookworm/main amd64 libtirpc-dev amd64 1.3.3+ds-1 [191 kB]
Get:62 http://deb.debian.org/debian bookworm/main amd64 libnsl-dev amd64 1.3.0-2 [66.4 kB]
Get:63 http://deb.debian.org/debian bookworm/main amd64 rpcsvc-proto amd64 1.4.3-1 [63.3 kB]
Get:64 http://deb.debian.org/debian bookworm/main amd64 libc6-dev amd64 2.36-9+deb12u13 [1904 kB]
Get:65 http://deb.debian.org/debian bookworm/main amd64 manpages-dev all 6.03-2 [2030 kB]
Fetched 66.3 MB in 0s (135 MB/s)
Selecting previously unselected package manpages.
(Reading database ... (Reading database ... 5%(Reading database ... 10%(Reading database ... 15%(Reading database ... 20%(Reading database ... 25%(Reading database ... 30%(Reading database ... 35%(Reading database ... 40%(Reading database ... 45%(Reading database ... 50%(Reading database ... 55%(Reading database ... 60%(Reading database ... 65%(Reading database ... 70%(Reading database ... 75%(Reading database ... 80%(Reading database ... 85%(Reading database ... 90%(Reading database ... 95%(Reading database ... 100%(Reading database ... 10328 files and directories currently installed.)
Preparing to unpack .../00-manpages_6.03-2_all.deb ...
Unpacking manpages (6.03-2) ...
Selecting previously unselected package binutils-common:amd64.
Preparing to unpack .../01-binutils-common_2.40-2_amd64.deb ...
Unpacking binutils-common:amd64 (2.40-2) ...
Selecting previously unselected package libbinutils:amd64.
Preparing to unpack .../02-libbinutils_2.40-2_amd64.deb ...
Unpacking libbinutils:amd64 (2.40-2) ...
Selecting previously unselected package libctf-nobfd0:amd64.
Preparing to unpack .../03-libctf-nobfd0_2.40-2_amd64.deb ...
Unpacking libctf-nobfd0:amd64 (2.40-2) ...
Selecting previously unselected package libctf0:amd64.
Preparing to unpack .../04-libctf0_2.40-2_amd64.deb ...
Unpacking libctf0:amd64 (2.40-2) ...
Selecting previously unselected package libgprofng0:amd64.
Preparing to unpack .../05-libgprofng0_2.40-2_amd64.deb ...
Unpacking libgprofng0:amd64 (2.40-2) ...
Selecting previously unselected package libjansson4:amd64.
Preparing to unpack .../06-libjansson4_2.14-2_amd64.deb ...
Unpacking libjansson4:amd64 (2.14-2) ...
Selecting previously unselected package binutils-x86-64-linux-gnu.
Preparing to unpack .../07-binutils-x86-64-linux-gnu_2.40-2_amd64.deb ...
Unpacking binutils-x86-64-linux-gnu (2.40-2) ...
Selecting previously unselected package binutils.
Preparing to unpack .../08-binutils_2.40-2_amd64.deb ...
Unpacking binutils (2.40-2) ...
Selecting previously unselected package libisl23:amd64.
Preparing to unpack .../09-libisl23_0.25-1.1_amd64.deb ...
Unpacking libisl23:amd64 (0.25-1.1) ...
Selecting previously unselected package libmpfr6:amd64.
Preparing to unpack .../10-libmpfr6_4.2.0-1_amd64.deb ...
Unpacking libmpfr6:amd64 (4.2.0-1) ...
Selecting previously unselected package libmpc3:amd64.
Preparing to unpack .../11-libmpc3_1.3.1-1_amd64.deb ...
Unpacking libmpc3:amd64 (1.3.1-1) ...
Selecting previously unselected package cpp-12.
Preparing to unpack .../12-cpp-12_12.2.0-14+deb12u1_amd64.deb ...
Unpacking cpp-12 (12.2.0-14+deb12u1) ...
Selecting previously unselected package cpp.
Preparing to unpack .../13-cpp_4%3a12.2.0-3_amd64.deb ...
Unpacking cpp (4:12.2.0-3) ...
Selecting previously unselected package libcurl4:amd64.
Preparing to unpack .../14-libcurl4_7.88.1-10+deb12u14_amd64.deb ...
Unpacking libcurl4:amd64 (7.88.1-10+deb12u14) ...
Selecting previously unselected package curl.
Preparing to unpack .../15-curl_7.88.1-10+deb12u14_amd64.deb ...
Unpacking curl (7.88.1-10+deb12u14) ...
Selecting previously unselected package fonts-dejavu-core.
Preparing to unpack .../16-fonts-dejavu-core_2.37-6_all.deb ...
Unpacking fonts-dejavu-core (2.37-6) ...
Selecting previously unselected package fontconfig-config.
Preparing to unpack .../17-fontconfig-config_2.14.1-4_amd64.deb ...
Unpacking fontconfig-config (2.14.1-4) ...
Selecting previously unselected package libcc1-0:amd64.
Preparing to unpack .../18-libcc1-0_12.2.0-14+deb12u1_amd64.deb ...
Unpacking libcc1-0:amd64 (12.2.0-14+deb12u1) ...
Selecting previously unselected package libgomp1:amd64.
Preparing to unpack .../19-libgomp1_12.2.0-14+deb12u1_amd64.deb ...
Unpacking libgomp1:amd64 (12.2.0-14+deb12u1) ...
Selecting previously unselected package libitm1:amd64.
Preparing to unpack .../20-libitm1_12.2.0-14+deb12u1_amd64.deb ...
Unpacking libitm1:amd64 (12.2.0-14+deb12u1) ...
Selecting previously unselected package libatomic1:amd64.
Preparing to unpack .../21-libatomic1_12.2.0-14+deb12u1_amd64.deb ...
Unpacking libatomic1:amd64 (12.2.0-14+deb12u1) ...
Selecting previously unselected package libasan8:amd64.
Preparing to unpack .../22-libasan8_12.2.0-14+deb12u1_amd64.deb ...
Unpacking libasan8:amd64 (12.2.0-14+deb12u1) ...
Selecting previously unselected package liblsan0:amd64.
Preparing to unpack .../23-liblsan0_12.2.0-14+deb12u1_amd64.deb ...
Unpacking liblsan0:amd64 (12.2.0-14+deb12u1) ...
Selecting previously unselected package libtsan2:amd64.
Preparing to unpack .../24-libtsan2_12.2.0-14+deb12u1_amd64.deb ...
Unpacking libtsan2:amd64 (12.2.0-14+deb12u1) ...
Selecting previously unselected package libubsan1:amd64.
Preparing to unpack .../25-libubsan1_12.2.0-14+deb12u1_amd64.deb ...
Unpacking libubsan1:amd64 (12.2.0-14+deb12u1) ...
Selecting previously unselected package libquadmath0:amd64.
Preparing to unpack .../26-libquadmath0_12.2.0-14+deb12u1_amd64.deb ...
Unpacking libquadmath0:amd64 (12.2.0-14+deb12u1) ...
Selecting previously unselected package libgcc-12-dev:amd64.
Preparing to unpack .../27-libgcc-12-dev_12.2.0-14+deb12u1_amd64.deb ...
Unpacking libgcc-12-dev:amd64 (12.2.0-14+deb12u1) ...
Selecting previously unselected package gcc-12.
Preparing to unpack .../28-gcc-12_12.2.0-14+deb12u1_amd64.deb ...
Unpacking gcc-12 (12.2.0-14+deb12u1) ...
Selecting previously unselected package gcc.
Preparing to unpack .../29-gcc_4%3a12.2.0-3_amd64.deb ...
Unpacking gcc (4:12.2.0-3) ...
Selecting previously unselected package libabsl20220623:amd64.
Preparing to unpack .../30-libabsl20220623_20220623.1-1+deb12u2_amd64.deb ...
Unpacking libabsl20220623:amd64 (20220623.1-1+deb12u2) ...
Selecting previously unselected package libaom3:amd64.
Preparing to unpack .../31-libaom3_3.6.0-1+deb12u2_amd64.deb ...
Unpacking libaom3:amd64 (3.6.0-1+deb12u2) ...
Selecting previously unselected package libdav1d6:amd64.
Preparing to unpack .../32-libdav1d6_1.0.0-2+deb12u1_amd64.deb ...
Unpacking libdav1d6:amd64 (1.0.0-2+deb12u1) ...
Selecting previously unselected package libgav1-1:amd64.
Preparing to unpack .../33-libgav1-1_0.18.0-1+b1_amd64.deb ...
Unpacking libgav1-1:amd64 (0.18.0-1+b1) ...
Selecting previously unselected package librav1e0:amd64.
Preparing to unpack .../34-librav1e0_0.5.1-6_amd64.deb ...
Unpacking librav1e0:amd64 (0.5.1-6) ...
Selecting previously unselected package libsvtav1enc1:amd64.
Preparing to unpack .../35-libsvtav1enc1_1.4.1+dfsg-1_amd64.deb ...
Unpacking libsvtav1enc1:amd64 (1.4.1+dfsg-1) ...
Selecting previously unselected package libjpeg62-turbo:amd64.
Preparing to unpack .../36-libjpeg62-turbo_1%3a2.1.5-2_amd64.deb ...
Unpacking libjpeg62-turbo:amd64 (1:2.1.5-2) ...
Selecting previously unselected package libyuv0:amd64.
Preparing to unpack .../37-libyuv0_0.0~git20230123.b2528b0-1_amd64.deb ...
Unpacking libyuv0:amd64 (0.0~git20230123.b2528b0-1) ...
Selecting previously unselected package libavif15:amd64.
Preparing to unpack .../38-libavif15_0.11.1-1+deb12u1_amd64.deb ...
Unpacking libavif15:amd64 (0.11.1-1+deb12u1) ...
Selecting previously unselected package libc-dev-bin.
Preparing to unpack .../39-libc-dev-bin_2.36-9+deb12u13_amd64.deb ...
Unpacking libc-dev-bin (2.36-9+deb12u13) ...
Selecting previously unselected package libpng16-16:amd64.
Preparing to unpack .../40-libpng16-16_1.6.39-2+deb12u1_amd64.deb ...
Unpacking libpng16-16:amd64 (1.6.39-2+deb12u1) ...
Selecting previously unselected package libfreetype6:amd64.
Preparing to unpack .../41-libfreetype6_2.12.1+dfsg-5+deb12u4_amd64.deb ...
Unpacking libfreetype6:amd64 (2.12.1+dfsg-5+deb12u4) ...
Selecting previously unselected package libfontconfig1:amd64.
Preparing to unpack .../42-libfontconfig1_2.14.1-4_amd64.deb ...
Unpacking libfontconfig1:amd64 (2.14.1-4) ...
Selecting previously unselected package libde265-0:amd64.
Preparing to unpack .../43-libde265-0_1.0.11-1+deb12u2_amd64.deb ...
Unpacking libde265-0:amd64 (1.0.11-1+deb12u2) ...
Selecting previously unselected package libnuma1:amd64.
Preparing to unpack .../44-libnuma1_2.0.16-1_amd64.deb ...
Unpacking libnuma1:amd64 (2.0.16-1) ...
Selecting previously unselected package libx265-199:amd64.
Preparing to unpack .../45-libx265-199_3.5-2+b1_amd64.deb ...
Unpacking libx265-199:amd64 (3.5-2+b1) ...
Selecting previously unselected package libheif1:amd64.
Preparing to unpack .../46-libheif1_1.15.1-1+deb12u1_amd64.deb ...
Unpacking libheif1:amd64 (1.15.1-1+deb12u1) ...
Selecting previously unselected package libdeflate0:amd64.
Preparing to unpack .../47-libdeflate0_1.14-1_amd64.deb ...
Unpacking libdeflate0:amd64 (1.14-1) ...
Selecting previously unselected package libjbig0:amd64.
Preparing to unpack .../48-libjbig0_2.1-6.1_amd64.deb ...
Unpacking libjbig0:amd64 (2.1-6.1) ...
Selecting previously unselected package liblerc4:amd64.
Preparing to unpack .../49-liblerc4_4.0.0+ds-2_amd64.deb ...
Unpacking liblerc4:amd64 (4.0.0+ds-2) ...
Selecting previously unselected package libwebp7:amd64.
Preparing to unpack .../50-libwebp7_1.2.4-0.2+deb12u1_amd64.deb ...
Unpacking libwebp7:amd64 (1.2.4-0.2+deb12u1) ...
Selecting previously unselected package libtiff6:amd64.
Preparing to unpack .../51-libtiff6_4.5.0-6+deb12u3_amd64.deb ...
Unpacking libtiff6:amd64 (4.5.0-6+deb12u3) ...
Selecting previously unselected package libxpm4:amd64.
Preparing to unpack .../52-libxpm4_1%3a3.5.12-1.1+deb12u1_amd64.deb ...
Unpacking libxpm4:amd64 (1:3.5.12-1.1+deb12u1) ...
Selecting previously unselected package libgd3:amd64.
Preparing to unpack .../53-libgd3_2.3.3-9_amd64.deb ...
Unpacking libgd3:amd64 (2.3.3-9) ...
Selecting previously unselected package libc-devtools.
Preparing to unpack .../54-libc-devtools_2.36-9+deb12u13_amd64.deb ...
Unpacking libc-devtools (2.36-9+deb12u13) ...
Selecting previously unselected package linux-libc-dev:amd64.
Preparing to unpack .../55-linux-libc-dev_6.1.158-1_amd64.deb ...
Unpacking linux-libc-dev:amd64 (6.1.158-1) ...
Selecting previously unselected package libcrypt-dev:amd64.
Preparing to unpack .../56-libcrypt-dev_1%3a4.4.33-2_amd64.deb ...
Unpacking libcrypt-dev:amd64 (1:4.4.33-2) ...
Selecting previously unselected package libtirpc-common.
Preparing to unpack .../57-libtirpc-common_1.3.3+ds-1_all.deb ...
Unpacking libtirpc-common (1.3.3+ds-1) ...
Selecting previously unselected package libtirpc3:amd64.
Preparing to unpack .../58-libtirpc3_1.3.3+ds-1_amd64.deb ...
Unpacking libtirpc3:amd64 (1.3.3+ds-1) ...
Selecting previously unselected package libnsl2:amd64.
Preparing to unpack .../59-libnsl2_1.3.0-2_amd64.deb ...
Unpacking libnsl2:amd64 (1.3.0-2) ...
Selecting previously unselected package libtirpc-dev:amd64.
Preparing to unpack .../60-libtirpc-dev_1.3.3+ds-1_amd64.deb ...
Unpacking libtirpc-dev:amd64 (1.3.3+ds-1) ...
Selecting previously unselected package libnsl-dev:amd64.
Preparing to unpack .../61-libnsl-dev_1.3.0-2_amd64.deb ...
Unpacking libnsl-dev:amd64 (1.3.0-2) ...
Selecting previously unselected package rpcsvc-proto.
Preparing to unpack .../62-rpcsvc-proto_1.4.3-1_amd64.deb ...
Unpacking rpcsvc-proto (1.4.3-1) ...
Selecting previously unselected package libc6-dev:amd64.
Preparing to unpack .../63-libc6-dev_2.36-9+deb12u13_amd64.deb ...
Unpacking libc6-dev:amd64 (2.36-9+deb12u13) ...
Selecting previously unselected package manpages-dev.
Preparing to unpack .../64-manpages-dev_6.03-2_all.deb ...
Unpacking manpages-dev (6.03-2) ...
Setting up libaom3:amd64 (3.6.0-1+deb12u2) ...
Setting up libabsl20220623:amd64 (20220623.1-1+deb12u2) ...
Setting up liblerc4:amd64 (4.0.0+ds-2) ...
Setting up libxpm4:amd64 (1:3.5.12-1.1+deb12u1) ...
Setting up manpages (6.03-2) ...
Setting up libtirpc-common (1.3.3+ds-1) ...
Setting up binutils-common:amd64 (2.40-2) ...
Setting up libdeflate0:amd64 (1.14-1) ...
Setting up linux-libc-dev:amd64 (6.1.158-1) ...
Setting up libctf-nobfd0:amd64 (2.40-2) ...
Setting up libsvtav1enc1:amd64 (1.4.1+dfsg-1) ...
Setting up libgomp1:amd64 (12.2.0-14+deb12u1) ...
Setting up libjbig0:amd64 (2.1-6.1) ...
Setting up librav1e0:amd64 (0.5.1-6) ...
Setting up libjansson4:amd64 (2.14-2) ...
Setting up rpcsvc-proto (1.4.3-1) ...
Setting up libjpeg62-turbo:amd64 (1:2.1.5-2) ...
Setting up libmpfr6:amd64 (4.2.0-1) ...
Setting up libquadmath0:amd64 (12.2.0-14+deb12u1) ...
Setting up libpng16-16:amd64 (1.6.39-2+deb12u1) ...
Setting up libmpc3:amd64 (1.3.1-1) ...
Setting up libatomic1:amd64 (12.2.0-14+deb12u1) ...
Setting up fonts-dejavu-core (2.37-6) ...
Setting up libgav1-1:amd64 (0.18.0-1+b1) ...
Setting up libdav1d6:amd64 (1.0.0-2+deb12u1) ...
Setting up libwebp7:amd64 (1.2.4-0.2+deb12u1) ...
Setting up libubsan1:amd64 (12.2.0-14+deb12u1) ...
Setting up libnuma1:amd64 (2.0.16-1) ...
Setting up libcrypt-dev:amd64 (1:4.4.33-2) ...
Setting up libtiff6:amd64 (4.5.0-6+deb12u3) ...
Setting up libasan8:amd64 (12.2.0-14+deb12u1) ...
Setting up libcurl4:amd64 (7.88.1-10+deb12u14) ...
Setting up curl (7.88.1-10+deb12u14) ...
Setting up libtsan2:amd64 (12.2.0-14+deb12u1) ...
Setting up libbinutils:amd64 (2.40-2) ...
Setting up libisl23:amd64 (0.25-1.1) ...
Setting up libde265-0:amd64 (1.0.11-1+deb12u2) ...
Setting up libc-dev-bin (2.36-9+deb12u13) ...
Setting up libyuv0:amd64 (0.0~git20230123.b2528b0-1) ...
Setting up libcc1-0:amd64 (12.2.0-14+deb12u1) ...
Setting up liblsan0:amd64 (12.2.0-14+deb12u1) ...
Setting up libitm1:amd64 (12.2.0-14+deb12u1) ...
Setting up libctf0:amd64 (2.40-2) ...
Setting up libtirpc3:amd64 (1.3.3+ds-1) ...
Setting up manpages-dev (6.03-2) ...
Setting up cpp-12 (12.2.0-14+deb12u1) ...
Setting up libavif15:amd64 (0.11.1-1+deb12u1) ...
Setting up fontconfig-config (2.14.1-4) ...
debconf: unable to initialize frontend: Dialog
debconf: (TERM is not set, so the dialog frontend is not usable.)
debconf: falling back to frontend: Readline
debconf: unable to initialize frontend: Readline
debconf: (This frontend requires a controlling tty.)
debconf: falling back to frontend: Teletype
Setting up libgprofng0:amd64 (2.40-2) ...
Setting up libtirpc-dev:amd64 (1.3.3+ds-1) ...
Setting up libfreetype6:amd64 (2.12.1+dfsg-5+deb12u4) ...
Setting up libgcc-12-dev:amd64 (12.2.0-14+deb12u1) ...
Setting up libx265-199:amd64 (3.5-2+b1) ...
Setting up cpp (4:12.2.0-3) ...
Setting up libnsl2:amd64 (1.3.0-2) ...
Setting up libfontconfig1:amd64 (2.14.1-4) ...
Setting up binutils-x86-64-linux-gnu (2.40-2) ...
Setting up libheif1:amd64 (1.15.1-1+deb12u1) ...
Setting up binutils (2.40-2) ...
Setting up gcc-12 (12.2.0-14+deb12u1) ...
Setting up libgd3:amd64 (2.3.3-9) ...
Setting up libnsl-dev:amd64 (1.3.0-2) ...
Setting up libc6-dev:amd64 (2.36-9+deb12u13) ...
Setting up libc-devtools (2.36-9+deb12u13) ...
Setting up gcc (4:12.2.0-3) ...
Processing triggers for libc-bin (2.36-9+deb12u13) ...
no checksums to verify
installing to /root/.local/bin
  uv
  uvx
everything's installed!

To add $HOME/.local/bin to your PATH, either restart your shell or run:

    source $HOME/.local/bin/env (sh, bash, zsh)
    source $HOME/.local/bin/env.fish (fish)
============================= test session starts ==============================
platform linux -- Python 3.13.11, pytest-8.4.1, pluggy-1.6.0
rootdir: /tests
collected 3 items

../tests/test_outputs.py F.F                                             [100%]

=================================== FAILURES ===================================
_______________________ test_virtual_environment_created _______________________

    def test_virtual_environment_created():
        """Test that the virtual environment was created in the correct location."""
        venv_path = Path("/app/amuse/.venv")
        venv_python = Path("/app/amuse/.venv/bin/python")
    
>       assert venv_path.exists(), (
            "Virtual environment directory not found at /app/amuse/.venv"
        )
E       AssertionError: Virtual environment directory not found at /app/amuse/.venv
E       assert False
E        +  where False = exists()
E        +    where exists = PosixPath('/app/amuse/.venv').exists

/tests/test_outputs.py:19: AssertionError
__________________________ test_test_script_executes ___________________________

    def test_test_script_executes():
        """test_script.py script executes successfully and produces expected output."""
        script_path = Path("/app/test_script.py")
    
        # Ensure the script exists first
        assert script_path.exists(), "test_script.py script not found"
    
        try:
            # Run the test_script.py script by sourcing the venv and then running python
            command = f"source /app/amuse/.venv/bin/activate && python {str(script_path)}"
            result = subprocess.run(
                command,
                cwd="/app",
                capture_output=True,
                text=True,
                shell=True,
                executable="/bin/bash",  # Use bash since source is a bash builtin
                timeout=180,  # Allow up to 3 minutes for the simulation
            )
    
            # Check that the script executed without Python errors
>           assert result.returncode == 0, (
                f"test_script.py failed with exit code {result.returncode}. "
                f"Stderr: {result.stderr}"
            )
E           AssertionError: test_script.py failed with exit code 1. Stderr: /bin/bash: line 1: /app/amuse/.venv/bin/activate: No such file or directory
E             
E           assert 1 == 0
E            +  where 1 = CompletedProcess(args='source /app/amuse/.venv/bin/activate && python /app/test_script.py', returncode=1, stdout='', stderr='/bin/bash: line 1: /app/amuse/.venv/bin/activate: No such file or directory\n').returncode

/tests/test_outputs.py:73: AssertionError

During handling of the above exception, another exception occurred:

    def test_test_script_executes():
        """test_script.py script executes successfully and produces expected output."""
        script_path = Path("/app/test_script.py")
    
        # Ensure the script exists first
        assert script_path.exists(), "test_script.py script not found"
    
        try:
            # Run the test_script.py script by sourcing the venv and then running python
            command = f"source /app/amuse/.venv/bin/activate && python {str(script_path)}"
            result = subprocess.run(
                command,
                cwd="/app",
                capture_output=True,
                text=True,
                shell=True,
                executable="/bin/bash",  # Use bash since source is a bash builtin
                timeout=180,  # Allow up to 3 minutes for the simulation
            )
    
            # Check that the script executed without Python errors
            assert result.returncode == 0, (
                f"test_script.py failed with exit code {result.returncode}. "
                f"Stderr: {result.stderr}"
            )
    
            print("test_script.py executed successfully")
            print(f"Script output:\n{result.stdout}")
    
            assert "Installed successfully" in result.stdout, (
                "test_script.py does not contain Installed successfully message"
            )
    
            return result.stdout
    
        except subprocess.TimeoutExpired:
            assert False, "test_script.py execution timed out (>180 seconds)"
        except Exception as e:
>           assert False, f"Error executing test_script.py: {e}"
E           AssertionError: Error executing test_script.py: test_script.py failed with exit code 1. Stderr: /bin/bash: line 1: /app/amuse/.venv/bin/activate: No such file or directory
E               
E             assert 1 == 0
E              +  where 1 = CompletedProcess(args='source /app/amuse/.venv/bin/activate && python /app/test_script.py', returncode=1, stdout='', stderr='/bin/bash: line 1: /app/amuse/.venv/bin/activate: No such file or directory\n').returncode
E           assert False

/tests/test_outputs.py:90: AssertionError
==================================== PASSES ====================================
__________________________ test_test_script_unchanged __________________________
----------------------------- Captured stdout call -----------------------------
Current file hash: eb181d4c3ea88b13e6486c731f2bdd7c84c45f38c825f9549d2bc941de9fdc85
Expected file hash: eb181d4c3ea88b13e6486c731f2bdd7c84c45f38c825f9549d2bc941de9fdc85
=========================== short test summary info ============================
PASSED ../tests/test_outputs.py::test_test_script_unchanged
FAILED ../tests/test_outputs.py::test_virtual_environment_created - Assertion...
FAILED ../tests/test_outputs.py::test_test_script_executes - AssertionError: ...
========================= 2 failed, 1 passed in 0.03s ==========================
