{
  "total_score": 0.0,
  "subscores": {
    "pytest": 0.0
  },
  "weights": {
    "pytest": 1.0
  },
  "feedback": "\u2717 Tests failed. Stdout/Stderr attached.\n--- STDOUT ---\n============================= test session starts ==============================\nplatform linux -- Python 3.11.14, pytest-9.0.2, pluggy-1.6.0 -- /usr/bin/python\ncachedir: .pytest_cache\nhypothesis profile 'sympy_hypothesis_profile' -> deadline=None\narchitecture: 64-bit\ncache:        yes\nground types: python \n\nrootdir: /workdir/sympy\nconfigfile: pyproject.toml\nplugins: timeout-2.4.0, xdist-3.8.0, split-0.10.0, hypothesis-6.148.7, doctestplus-1.6.0\ncollecting ... collected 735 items / 5 deselected / 730 selected\n\nsympy/matrices/tests/test_commonmatrix.py::test_matrix_deprecated_isinstance PASSED [  0%]\nsympy/matrices/tests/test_commonmatrix.py::test__MinimalMatrix PASSED    [  0%]\nsympy/matrices/tests/test_commonmatrix.py::test_kind PASSED              [  0%]\nsympy/matrices/tests/test_commonmatrix.py::test_vec PASSED               [  0%]\nsympy/matrices/tests/test_commonmatrix.py::test_todok PASSED             [  0%]\nsympy/matrices/tests/test_commonmatrix.py::test_tolist PASSED            [  0%]\nsympy/matrices/tests/test_commonmatrix.py::test_todod PASSED             [  0%]\nsympy/matrices/tests/test_commonmatrix.py::test_row_col_del PASSED       [  1%]\nsympy/matrices/tests/test_commonmatrix.py::test_get_diag_blocks1 PASSED  [  1%]\nsympy/matrices/tests/test_commonmatrix.py::test_get_diag_blocks2 PASSED  [  1%]\nsympy/matrices/tests/test_commonmatrix.py::test_shape PASSED             [  1%]\nsympy/matrices/tests/test_commonmatrix.py::test_reshape PASSED           [  1%]\nsympy/matrices/tests/test_commonmatrix.py::test_row_col PASSED           [  1%]\nsympy/matrices/tests/test_commonmatrix.py::test_row_join PASSED          [  1%]\nsympy/matrices/tests/test_commonmatrix.py::test_col_join PASSED          [  2%]\nsympy/matrices/tests/test_commonmatrix.py::test_row_insert PASSED        [  2%]\nsympy/matrices/tests/test_commonmatrix.py::test_col_insert FAILED        [  2%]\nsympy/matrices/tests/test_commonmatrix.py::test_extract PASSED           [  2%]\nsympy/matrices/tests/test_commonmatrix.py::test_hstack PASSED            [  2%]\nsympy/matrices/tests/test_commonmatrix.py::test_vstack PASSED            [  2%]\nsympy/matrices/tests/test_commonmatrix.py::test_atoms PASSED             [  2%]\nsympy/matrices/tests/test_commonmatrix.py::test_free_symbols PASSED      [  3%]\nsympy/matrices/tests/test_commonmatrix.py::test_has PASSED               [  3%]\nsympy/matrices/tests/test_commonmatrix.py::test_is_anti_symmetric PASSED [  3%]\nsympy/matrices/tests/test_commonmatrix.py::test_diagonal_symmetrical PASSED [  3%]\nsympy/matrices/tests/test_commonmatrix.py::test_is_hermitian PASSED      [  3%]\nsympy/matrices/tests/test_commonmatrix.py::test_is_Identity PASSED       [  3%]\nsympy/matrices/tests/test_commonmatrix.py::test_is_symbolic PASSED       [  3%]\nsympy/matrices/tests/test_commonmatrix.py::test_is_upper PASSED          [  3%]\nsympy/matrices/tests/test_commonmatrix.py::test_is_lower PASSED          [  4%]\nsympy/matrices/tests/test_commonmatrix.py::test_is_square PASSED         [  4%]\nsympy/matrices/tests/test_commonmatrix.py::test_is_symmetric PASSED      [  4%]\nsympy/matrices/tests/test_commonmatrix.py::test_is_hessenberg PASSED     [  4%]\nsympy/matrices/tests/test_commonmatrix.py::test_is_zero PASSED           [  4%]\nsympy/matrices/tests/test_commonmatrix.py::test_values PASSED            [  4%]\nsympy/matrices/tests/test_commonmatrix.py::test_applyfunc PASSED         [  4%]\nsympy/matrices/tests/test_commonmatrix.py::test_adjoint PASSED           [  5%]\nsympy/matrices/tests/test_commonmatrix.py::test_as_real_imag PASSED      [  5%]\nsympy/matrices/tests/test_commonmatrix.py::test_conjugate PASSED         [  5%]\nsympy/matrices/tests/test_commonmatrix.py::test_doit PASSED              [  5%]\nsympy/matrices/tests/test_commonmatrix.py::test_evalf PASSED             [  5%]\nsympy/matrices/tests/test_commonmatrix.py::test_expand PASSED            [  5%]\nsympy/matrices/tests/test_commonmatrix.py::test_refine PASSED            [  5%]\nsympy/matrices/tests/test_commonmatrix.py::test_replace PASSED           [  6%]\nsympy/matrices/tests/test_commonmatrix.py::test_replace_map PASSED       [  6%]\nsympy/matrices/tests/test_commonmatrix.py::test_rot90 PASSED             [  6%]\nsympy/matrices/tests/test_commonmatrix.py::test_simplify PASSED          [  6%]\nsympy/matrices/tests/test_commonmatrix.py::test_subs PASSED              [  6%]\nsympy/matrices/tests/test_commonmatrix.py::test_trace PASSED             [  6%]\nsympy/matrices/tests/test_commonmatrix.py::test_xreplace PASSED          [  6%]\nsympy/matrices/tests/test_commonmatrix.py::test_permute PASSED           [  6%]\nsympy/matrices/tests/test_commonmatrix.py::test_upper_triangular PASSED  [  7%]\nsympy/matrices/tests/test_commonmatrix.py::test_lower_triangular PASSED  [  7%]\nsympy/matrices/tests/test_commonmatrix.py::test_abs PASSED               [  7%]\nsympy/matrices/tests/test_commonmatrix.py::test_add PASSED               [  7%]\nsympy/matrices/tests/test_commonmatrix.py::test_multiplication PASSED    [  7%]\nsympy/matrices/tests/test_commonmatrix.py::test_matmul PASSED            [  7%]\nsympy/matrices/tests/test_commonmatrix.py::test_non_matmul PASSED        [  7%]\nsympy/matrices/tests/test_commonmatrix.py::test_power PASSED             [  8%]\nsympy/matrices/tests/test_commonmatrix.py::test_neg PASSED               [  8%]\nsympy/matrices/tests/test_commonmatrix.py::test_sub PASSED               [  8%]\nsympy/matrices/tests/test_commonmatrix.py::test_div PASSED               [  8%]\nsympy/matrices/tests/test_commonmatrix.py::test_eye PASSED               [  8%]\nsympy/matrices/tests/test_commonmatrix.py::test_ones PASSED              [  8%]\nsympy/matrices/tests/test_commonmatrix.py::test_zeros PASSED             [  8%]\nsympy/matrices/tests/test_commonmatrix.py::test_diag_make PASSED         [  9%]\nsympy/matrices/tests/test_commonmatrix.py::test_diagonal PASSED          [  9%]\nsympy/matrices/tests/test_commonmatrix.py::test_jordan_block PASSED      [  9%]\nsympy/matrices/tests/test_commonmatrix.py::test_orthogonalize PASSED     [  9%]\nsympy/matrices/tests/test_commonmatrix.py::test_wilkinson PASSED         [  9%]\nsympy/matrices/tests/test_commonmatrix.py::test_diff XFAIL               [  9%]\nsympy/matrices/tests/test_commonmatrix.py::test_integrate PASSED         [  9%]\nsympy/matrices/tests/test_commonmatrix.py::test_jacobian2 PASSED         [ 10%]\nsympy/matrices/tests/test_commonmatrix.py::test_limit PASSED             [ 10%]\nsympy/matrices/tests/test_commonmatrix.py::test_issue_13774 PASSED       [ 10%]\nsympy/matrices/tests/test_commonmatrix.py::test_companion PASSED         [ 10%]\nsympy/matrices/tests/test_commonmatrix.py::test_issue_10589 PASSED       [ 10%]\nsympy/matrices/tests/test_commonmatrix.py::test_rmul_pr19860 PASSED      [ 10%]\nsympy/matrices/tests/test_commonmatrix.py::test_issue_18956 PASSED       [ 10%]\nsympy/matrices/tests/test_commonmatrix.py::test__eq__ PASSED             [ 10%]\nsympy/matrices/tests/test_decompositions.py::test_LUdecomp PASSED        [ 11%]\nsympy/matrices/tests/test_decompositions.py::test_singular_value_decompositionD PASSED [ 11%]\nsympy/matrices/tests/test_decompositions.py::test_QR PASSED              [ 11%]\nsympy/matrices/tests/test_decompositions.py::test_QR_non_square PASSED   [ 11%]\nsympy/matrices/tests/test_decompositions.py::test_QR_trivial PASSED      [ 11%]\nsympy/matrices/tests/test_decompositions.py::test_QR_float PASSED        [ 11%]\nsympy/matrices/tests/test_decompositions.py::test_LUdecomposition_Simple_iszerofunc PASSED [ 11%]\nsympy/matrices/tests/test_decompositions.py::test_LUdecomposition_iszerofunc PASSED [ 12%]\nsympy/matrices/tests/test_decompositions.py::test_LDLdecomposition PASSED [ 12%]\nsympy/matrices/tests/test_decompositions.py::test_pinv_succeeds_with_rank_decomposition_method PASSED [ 12%]\nsympy/matrices/tests/test_decompositions.py::test_rank_decomposition PASSED [ 12%]\nsympy/matrices/tests/test_determinant.py::test_eval_determinant[M0-1-_eval_det_bareiss] PASSED [ 12%]\nsympy/matrices/tests/test_determinant.py::test_eval_determinant[M0-1-_eval_det_berkowitz] PASSED [ 12%]\nsympy/matrices/tests/test_determinant.py::test_eval_determinant[M0-1-_eval_det_bird] PASSED [ 12%]\nsympy/matrices/tests/test_determinant.py::test_eval_determinant[M0-1-_eval_det_laplace] PASSED [ 13%]\nsympy/matrices/tests/test_determinant.py::test_eval_determinant[M0-1-_eval_det_lu] PASSED [ 13%]\nsympy/matrices/tests/test_determinant.py::test_eval_determinant[M1-0-_eval_det_bareiss] PASSED [ 13%]\nsympy/matrices/tests/test_determinant.py::test_eval_determinant[M1-0-_eval_det_berkowitz] PASSED [ 13%]\nsympy/matrices/tests/test_determinant.py::test_eval_determinant[M1-0-_eval_det_bird] PASSED [ 13%]\nsympy/matrices/tests/test_determinant.py::test_eval_determinant[M1-0-_eval_det_laplace] PASSED [ 13%]\nsympy/matrices/tests/test_determinant.py::test_eval_determinant[M1-0-_eval_det_lu] PASSED [ 13%]\nsympy/matrices/tests/test_determinant.py::test_eval_determinant[M2-5-_eval_det_bareiss] PASSED [ 13%]\nsympy/matrices/tests/test_determinant.py::test_eval_determinant[M2-5-_eval_det_berkowitz] PASSED [ 14%]\nsympy/matrices/tests/test_determinant.py::test_eval_determinant[M2-5-_eval_det_bird] PASSED [ 14%]\nsympy/matrices/tests/test_determinant.py::test_eval_determinant[M2-5-_eval_det_laplace] PASSED [ 14%]\nsympy/matrices/tests/test_determinant.py::test_eval_determinant[M2-5-_eval_det_lu] PASSED [ 14%]\nsympy/matrices/tests/test_determinant.py::test_determinant[M0--1-domain-ge] PASSED [ 14%]\nsympy/matrices/tests/test_determinant.py::test_determinant[M0--1-bareiss] PASSED [ 14%]\nsympy/matrices/tests/test_determinant.py::test_determinant[M0--1-berkowitz] PASSED [ 14%]\nsympy/matrices/tests/test_determinant.py::test_determinant[M0--1-bird] PASSED [ 15%]\nsympy/matrices/tests/test_determinant.py::test_determinant[M0--1-laplace] PASSED [ 15%]\nsympy/matrices/tests/test_determinant.py::test_determinant[M0--1-lu] PASSED [ 15%]\nsympy/matrices/tests/test_determinant.py::test_determinant[M1-sol1-domain-ge] PASSED [ 15%]\nsympy/matrices/tests/test_determinant.py::test_determinant[M1-sol1-bareiss] PASSED [ 15%]\nsympy/matrices/tests/test_determinant.py::test_determinant[M1-sol1-berkowitz] PASSED [ 15%]\nsympy/matrices/tests/test_determinant.py::test_determinant[M1-sol1-bird] PASSED [ 15%]\nsympy/matrices/tests/test_determinant.py::test_determinant[M1-sol1-laplace] PASSED [ 16%]\nsympy/matrices/tests/test_determinant.py::test_determinant[M1-sol1-lu] PASSED [ 16%]\nsympy/matrices/tests/test_determinant.py::test_determinant[M2-1-domain-ge] PASSED [ 16%]\nsympy/matrices/tests/test_determinant.py::test_determinant[M2-1-bareiss] PASSED [ 16%]\nsympy/matrices/tests/test_determinant.py::test_determinant[M2-1-berkowitz] PASSED [ 16%]\nsympy/matrices/tests/test_determinant.py::test_determinant[M2-1-bird] PASSED [ 16%]\nsympy/matrices/tests/test_determinant.py::test_determinant[M2-1-laplace] PASSED [ 16%]\nsympy/matrices/tests/test_determinant.py::test_determinant[M2-1-lu] PASSED [ 16%]\nsympy/matrices/tests/test_determinant.py::test_determinant[M3--289-domain-ge] PASSED [ 17%]\nsympy/matrices/tests/test_determinant.py::test_determinant[M3--289-bareiss] PASSED [ 17%]\nsympy/matrices/tests/test_determinant.py::test_determinant[M3--289-berkowitz] PASSED [ 17%]\nsympy/matrices/tests/test_determinant.py::test_determinant[M3--289-bird] PASSED [ 17%]\nsympy/matrices/tests/test_determinant.py::test_determinant[M3--289-laplace] PASSED [ 17%]\nsympy/matrices/tests/test_determinant.py::test_determinant[M3--289-lu] PASSED [ 17%]\nsympy/matrices/tests/test_determinant.py::test_determinant[M4-0-domain-ge] PASSED [ 17%]\nsympy/matrices/tests/test_determinant.py::test_determinant[M4-0-bareiss] PASSED [ 18%]\nsympy/matrices/tests/test_determinant.py::test_determinant[M4-0-berkowitz] PASSED [ 18%]\nsympy/matrices/tests/test_determinant.py::test_determinant[M4-0-bird] PASSED [ 18%]\nsympy/matrices/tests/test_determinant.py::test_determinant[M4-0-laplace] PASSED [ 18%]\nsympy/matrices/tests/test_determinant.py::test_determinant[M4-0-lu] PASSED [ 18%]\nsympy/matrices/tests/test_determinant.py::test_determinant[M5-275-domain-ge] PASSED [ 18%]\nsympy/matrices/tests/test_determinant.py::test_determinant[M5-275-bareiss] PASSED [ 18%]\nsympy/matrices/tests/test_determinant.py::test_determinant[M5-275-berkowitz] PASSED [ 19%]\nsympy/matrices/tests/test_determinant.py::test_determinant[M5-275-bird] PASSED [ 19%]\nsympy/matrices/tests/test_determinant.py::test_determinant[M5-275-laplace] PASSED [ 19%]\nsympy/matrices/tests/test_determinant.py::test_determinant[M5-275-lu] PASSED [ 19%]\nsympy/matrices/tests/test_determinant.py::test_determinant[M6-60-domain-ge] PASSED [ 19%]\nsympy/matrices/tests/test_determinant.py::test_determinant[M6-60-bareiss] PASSED [ 19%]\nsympy/matrices/tests/test_determinant.py::test_determinant[M6-60-berkowitz] PASSED [ 19%]\nsympy/matrices/tests/test_determinant.py::test_determinant[M6-60-bird] PASSED [ 20%]\nsympy/matrices/tests/test_determinant.py::test_determinant[M6-60-laplace] PASSED [ 20%]\nsympy/matrices/tests/test_determinant.py::test_determinant[M6-60-lu] PASSED [ 20%]\nsympy/matrices/tests/test_determinant.py::test_determinant[M7-0-domain-ge] PASSED [ 20%]\nsympy/matrices/tests/test_determinant.py::test_determinant[M7-0-bareiss] PASSED [ 20%]\nsympy/matrices/tests/test_determinant.py::test_determinant[M7-0-berkowitz] PASSED [ 20%]\nsympy/matrices/tests/test_determinant.py::test_determinant[M7-0-bird] PASSED [ 20%]\nsympy/matrices/tests/test_determinant.py::test_determinant[M7-0-laplace] PASSED [ 20%]\nsympy/matrices/tests/test_determinant.py::test_determinant[M7-0-lu] PASSED [ 21%]\nsympy/matrices/tests/test_determinant.py::test_determinant[M8-243-domain-ge] PASSED [ 21%]\nsympy/matrices/tests/test_determinant.py::test_determinant[M8-243-bareiss] PASSED [ 21%]\nsympy/matrices/tests/test_determinant.py::test_determinant[M8-243-berkowitz] PASSED [ 21%]\nsympy/matrices/tests/test_determinant.py::test_determinant[M8-243-bird] PASSED [ 21%]\nsympy/matrices/tests/test_determinant.py::test_determinant[M8-243-laplace] PASSED [ 21%]\nsympy/matrices/tests/test_determinant.py::test_determinant[M8-243-lu] PASSED [ 21%]\nsympy/matrices/tests/test_determinant.py::test_determinant[M9--55-domain-ge] PASSED [ 22%]\nsympy/matrices/tests/test_determinant.py::test_determinant[M9--55-bareiss] PASSED [ 22%]\nsympy/matrices/tests/test_determinant.py::test_determinant[M9--55-berkowitz] PASSED [ 22%]\nsympy/matrices/tests/test_determinant.py::test_determinant[M9--55-bird] PASSED [ 22%]\nsympy/matrices/tests/test_determinant.py::test_determinant[M9--55-laplace] PASSED [ 22%]\nsympy/matrices/tests/test_determinant.py::test_determinant[M9--55-lu] PASSED [ 22%]\nsympy/matrices/tests/test_determinant.py::test_determinant[M10-11664-domain-ge] PASSED [ 22%]\nsympy/matrices/tests/test_determinant.py::test_determinant[M10-11664-bareiss] PASSED [ 23%]\nsympy/matrices/tests/test_determinant.py::test_determinant[M10-11664-berkowitz] PASSED [ 23%]\nsympy/matrices/tests/test_determinant.py::test_determinant[M10-11664-bird] PASSED [ 23%]\nsympy/matrices/tests/test_determinant.py::test_determinant[M10-11664-laplace] PASSED [ 23%]\nsympy/matrices/tests/test_determinant.py::test_determinant[M10-11664-lu] PASSED [ 23%]\nsympy/matrices/tests/test_determinant.py::test_determinant[M11-123-domain-ge] PASSED [ 23%]\nsympy/matrices/tests/test_determinant.py::test_determinant[M11-123-bareiss] PASSED [ 23%]\nsympy/matrices/tests/test_determinant.py::test_determinant[M11-123-berkowitz] PASSED [ 23%]\nsympy/matrices/tests/test_determinant.py::test_determinant[M11-123-bird] PASSED [ 24%]\nsympy/matrices/tests/test_determinant.py::test_determinant[M11-123-laplace] PASSED [ 24%]\nsympy/matrices/tests/test_determinant.py::test_determinant[M11-123-lu] PASSED [ 24%]\nsympy/matrices/tests/test_determinant.py::test_determinant[M12-sol12-domain-ge] PASSED [ 24%]\nsympy/matrices/tests/test_determinant.py::test_determinant[M12-sol12-bareiss] PASSED [ 24%]\nsympy/matrices/tests/test_determinant.py::test_determinant[M12-sol12-berkowitz] PASSED [ 24%]\nsympy/matrices/tests/test_determinant.py::test_determinant[M12-sol12-bird] PASSED [ 24%]\nsympy/matrices/tests/test_determinant.py::test_determinant[M12-sol12-laplace] PASSED [ 25%]\nsympy/matrices/tests/test_determinant.py::test_determinant[M12-sol12-lu] PASSED [ 25%]\nsympy/matrices/tests/test_determinant.py::test_issue_13835 PASSED        [ 25%]\nsympy/matrices/tests/test_determinant.py::test_issue_14517 PASSED        [ 25%]\nsympy/matrices/tests/test_determinant.py::test_legacy_det[M0--289-bareis] PASSED [ 25%]\nsympy/matrices/tests/test_determinant.py::test_legacy_det[M0--289-det_lu] PASSED [ 25%]\nsympy/matrices/tests/test_determinant.py::test_legacy_det[M0--289-det_LU] PASSED [ 25%]\nsympy/matrices/tests/test_determinant.py::test_legacy_det[M0--289-Bareis] PASSED [ 26%]\nsympy/matrices/tests/test_determinant.py::test_legacy_det[M0--289-BAREISS] PASSED [ 26%]\nsympy/matrices/tests/test_determinant.py::test_legacy_det[M0--289-BERKOWITZ] PASSED [ 26%]\nsympy/matrices/tests/test_determinant.py::test_legacy_det[M0--289-LU] PASSED [ 26%]\nsympy/matrices/tests/test_determinant.py::test_legacy_det[M1-11664-bareis] PASSED [ 26%]\nsympy/matrices/tests/test_determinant.py::test_legacy_det[M1-11664-det_lu] PASSED [ 26%]\nsympy/matrices/tests/test_determinant.py::test_legacy_det[M1-11664-det_LU] PASSED [ 26%]\nsympy/matrices/tests/test_determinant.py::test_legacy_det[M1-11664-Bareis] PASSED [ 26%]\nsympy/matrices/tests/test_determinant.py::test_legacy_det[M1-11664-BAREISS] PASSED [ 27%]\nsympy/matrices/tests/test_determinant.py::test_legacy_det[M1-11664-BERKOWITZ] PASSED [ 27%]\nsympy/matrices/tests/test_determinant.py::test_legacy_det[M1-11664-LU] PASSED [ 27%]\nsympy/matrices/tests/test_determinant.py::test_det PASSED                [ 27%]\nsympy/matrices/tests/test_determinant.py::test_permanent PASSED          [ 27%]\nsympy/matrices/tests/test_determinant.py::test_adjugate PASSED           [ 27%]\nsympy/matrices/tests/test_determinant.py::test_util PASSED               [ 27%]\nsympy/matrices/tests/test_determinant.py::test_cofactor_and_minors PASSED [ 28%]\nsympy/matrices/tests/test_determinant.py::test_charpoly PASSED           [ 28%]\nsympy/matrices/tests/test_domains.py::test_Matrix_rep_domain PASSED      [ 28%]\nsympy/matrices/tests/test_domains.py::test_Matrix_to_DM PASSED           [ 28%]\nsympy/matrices/tests/test_eigen.py::test_eigen PASSED                    [ 28%]\nsympy/matrices/tests/test_eigen.py::test_float_eigenvals PASSED          [ 28%]\nsympy/matrices/tests/test_eigen.py::test_eigen_vects XFAIL               [ 28%]\nsympy/matrices/tests/test_eigen.py::test_issue_8240 PASSED               [ 29%]\nsympy/matrices/tests/test_eigen.py::test_eigenvals PASSED                [ 29%]\nsympy/matrices/tests/test_eigen.py::test_eigenvects PASSED               [ 29%]\nsympy/matrices/tests/test_eigen.py::test_left_eigenvects PASSED          [ 29%]\nsympy/matrices/tests/test_eigen.py::test_diagonalize PASSED              [ 29%]\nsympy/matrices/tests/test_eigen.py::test_is_diagonalizable PASSED        [ 29%]\nsympy/matrices/tests/test_eigen.py::test_jordan_form PASSED              [ 29%]\nsympy/matrices/tests/test_eigen.py::test_singular_values PASSED          [ 30%]\nsympy/matrices/tests/test_eigen.py::test___eq__ PASSED                   [ 30%]\nsympy/matrices/tests/test_eigen.py::test_definite PASSED                 [ 30%]\nsympy/matrices/tests/test_eigen.py::test_positive_semidefinite_cholesky PASSED [ 30%]\nsympy/matrices/tests/test_eigen.py::test_issue_20582 PASSED              [ 30%]\nsympy/matrices/tests/test_eigen.py::test_issue_19210 PASSED              [ 30%]\nsympy/matrices/tests/test_eigen.py::test_issue_20275 PASSED              [ 30%]\nsympy/matrices/tests/test_eigen.py::test_issue_20752 PASSED              [ 30%]\nsympy/matrices/tests/test_eigen.py::test_issue_25282 PASSED              [ 31%]\nsympy/matrices/tests/test_graph.py::test_connected_components PASSED     [ 31%]\nsympy/matrices/tests/test_graph.py::test_strongly_connected_components PASSED [ 31%]\nsympy/matrices/tests/test_immutable.py::test_creation PASSED             [ 31%]\nsympy/matrices/tests/test_immutable.py::test_immutability PASSED         [ 31%]\nsympy/matrices/tests/test_immutable.py::test_slicing PASSED              [ 31%]\nsympy/matrices/tests/test_immutable.py::test_subs PASSED                 [ 31%]\nsympy/matrices/tests/test_immutable.py::test_as_immutable PASSED         [ 32%]\nsympy/matrices/tests/test_immutable.py::test_function_return_types PASSED [ 32%]\nsympy/matrices/tests/test_immutable.py::test_immutable_evaluation PASSED [ 32%]\nsympy/matrices/tests/test_immutable.py::test_deterimant PASSED           [ 32%]\nsympy/matrices/tests/test_immutable.py::test_Equality PASSED             [ 32%]\nsympy/matrices/tests/test_immutable.py::test_integrate PASSED            [ 32%]\nsympy/matrices/tests/test_interactions.py::test_IM_MM PASSED             [ 32%]\nsympy/matrices/tests/test_interactions.py::test_ME_MM PASSED             [ 33%]\nsympy/matrices/tests/test_interactions.py::test_equality PASSED          [ 33%]\nsympy/matrices/tests/test_interactions.py::test_matrix_symbol_MM PASSED  [ 33%]\nsympy/matrices/tests/test_interactions.py::test_matrix_symbol_vector_matrix_multiplication PASSED [ 33%]\nsympy/matrices/tests/test_interactions.py::test_indexing_interactions PASSED [ 33%]\nsympy/matrices/tests/test_interactions.py::test_classof PASSED           [ 33%]\nsympy/matrices/tests/test_matrices.py::test_args PASSED                  [ 33%]\nsympy/matrices/tests/test_matrices.py::test_deprecated_mat_smat PASSED   [ 33%]\nsympy/matrices/tests/test_matrices.py::test_division PASSED              [ 34%]\nsympy/matrices/tests/test_matrices.py::test_sum PASSED                   [ 34%]\nsympy/matrices/tests/test_matrices.py::test_abs PASSED                   [ 34%]\nsympy/matrices/tests/test_matrices.py::test_addition PASSED              [ 34%]\nsympy/matrices/tests/test_matrices.py::test_fancy_index_matrix PASSED    [ 34%]\nsympy/matrices/tests/test_matrices.py::test_multiplication PASSED        [ 34%]\nsympy/matrices/tests/test_matrices.py::test_multiplication_inf_zero PASSED [ 34%]\nsympy/matrices/tests/test_matrices.py::test_power PASSED                 [ 35%]\nsympy/matrices/tests/test_matrices.py::test_issue_17247_expression_blowup_1 PASSED [ 35%]\nsympy/matrices/tests/test_matrices.py::test_issue_17247_expression_blowup_2 PASSED [ 35%]\nsympy/matrices/tests/test_matrices.py::test_issue_17247_expression_blowup_3 PASSED [ 35%]\nsympy/matrices/tests/test_matrices.py::test_issue_17247_expression_blowup_4 PASSED [ 35%]\nsympy/matrices/tests/test_matrices.py::test_issue_17247_expression_blowup_5 PASSED [ 35%]\nsympy/matrices/tests/test_matrices.py::test_issue_17247_expression_blowup_6 PASSED [ 35%]\nsympy/matrices/tests/test_matrices.py::test_issue_17247_expression_blowup_7 PASSED [ 36%]\nsympy/matrices/tests/test_matrices.py::test_issue_17247_expression_blowup_8 PASSED [ 36%]\nsympy/matrices/tests/test_matrices.py::test_issue_17247_expression_blowup_9 PASSED [ 36%]\nsympy/matrices/tests/test_matrices.py::test_issue_17247_expression_blowup_10 PASSED [ 36%]\nsympy/matrices/tests/test_matrices.py::test_issue_17247_expression_blowup_11 PASSED [ 36%]\nsympy/matrices/tests/test_matrices.py::test_issue_17247_expression_blowup_12 PASSED [ 36%]\nsympy/matrices/tests/test_matrices.py::test_issue_17247_expression_blowup_13 PASSED [ 36%]\nsympy/matrices/tests/test_matrices.py::test_issue_17247_expression_blowup_14 PASSED [ 36%]\nsympy/matrices/tests/test_matrices.py::test_issue_17247_expression_blowup_15 PASSED [ 37%]\nsympy/matrices/tests/test_matrices.py::test_issue_17247_expression_blowup_16 PASSED [ 37%]\nsympy/matrices/tests/test_matrices.py::test_issue_17247_expression_blowup_17 PASSED [ 37%]\nsympy/matrices/tests/test_matrices.py::test_issue_17247_expression_blowup_18 PASSED [ 37%]\nsympy/matrices/tests/test_matrices.py::test_issue_17247_expression_blowup_19 PASSED [ 37%]\nsympy/matrices/tests/test_matrices.py::test_issue_17247_expression_blowup_20 PASSED [ 37%]\nsympy/matrices/tests/test_matrices.py::test_issue_17247_expression_blowup_21 PASSED [ 37%]\nsympy/matrices/tests/test_matrices.py::test_issue_17247_expression_blowup_22 PASSED [ 38%]\nsympy/matrices/tests/test_matrices.py::test_issue_17247_expression_blowup_23 PASSED [ 38%]\nsympy/matrices/tests/test_matrices.py::test_issue_17247_expression_blowup_24 PASSED [ 38%]\nsympy/matrices/tests/test_matrices.py::test_issue_17247_expression_blowup_25 PASSED [ 38%]\nsympy/matrices/tests/test_matrices.py::test_issue_17247_expression_blowup_26 PASSED [ 38%]\nsympy/matrices/tests/test_matrices.py::test_issue_17247_expression_blowup_27 PASSED [ 38%]\nsympy/matrices/tests/test_matrices.py::test_issue_17247_expression_blowup_28 PASSED [ 38%]\nsympy/matrices/tests/test_matrices.py::test_issue_16823 PASSED           [ 39%]\nsympy/matrices/tests/test_matrices.py::test_issue_18531 PASSED           [ 39%]\nsympy/matrices/tests/test_matrices.py::test_creation PASSED              [ 39%]\nsympy/matrices/tests/test_matrices.py::test_irregular_block PASSED       [ 39%]\nsympy/matrices/tests/test_matrices.py::test_tolist PASSED                [ 39%]\nsympy/matrices/tests/test_matrices.py::test_as_mutable PASSED            [ 39%]\nsympy/matrices/tests/test_matrices.py::test_slicing PASSED               [ 39%]\nsympy/matrices/tests/test_matrices.py::test_submatrix_assignment PASSED  [ 40%]\nsympy/matrices/tests/test_matrices.py::test_extract PASSED               [ 40%]\nsympy/matrices/tests/test_matrices.py::test_reshape PASSED               [ 40%]\nsympy/matrices/tests/test_matrices.py::test_applyfunc PASSED             [ 40%]\nsympy/matrices/tests/test_matrices.py::test_expand PASSED                [ 40%]\nsympy/matrices/tests/test_matrices.py::test_refine PASSED                [ 40%]\nsympy/matrices/tests/test_matrices.py::test_random PASSED                [ 40%]\nsympy/matrices/tests/test_matrices.py::test_inverse PASSED               [ 40%]\nsympy/matrices/tests/test_matrices.py::test_jacobian_hessian PASSED      [ 41%]\nsympy/matrices/tests/test_matrices.py::test_wronskian PASSED             [ 41%]\nsympy/matrices/tests/test_matrices.py::test_subs PASSED                  [ 41%]\nsympy/matrices/tests/test_matrices.py::test_xreplace PASSED              [ 41%]\nsympy/matrices/tests/test_matrices.py::test_simplify PASSED              [ 41%]\nsympy/matrices/tests/test_matrices.py::test_transpose PASSED             [ 41%]\nsympy/matrices/tests/test_matrices.py::test_conjugate PASSED             [ 41%]\nsympy/matrices/tests/test_matrices.py::test_conj_dirac PASSED            [ 42%]\nsympy/matrices/tests/test_matrices.py::test_trace PASSED                 [ 42%]\nsympy/matrices/tests/test_matrices.py::test_shape PASSED                 [ 42%]\nsympy/matrices/tests/test_matrices.py::test_col_row_op PASSED            [ 42%]\nsympy/matrices/tests/test_matrices.py::test_row_mult PASSED              [ 42%]\nsympy/matrices/tests/test_matrices.py::test_row_add PASSED               [ 42%]\nsympy/matrices/tests/test_matrices.py::test_zip_row_op PASSED            [ 42%]\nsympy/matrices/tests/test_matrices.py::test_issue_3950 PASSED            [ 43%]\nsympy/matrices/tests/test_matrices.py::test_issue_3981 PASSED            [ 43%]\nsympy/matrices/tests/test_matrices.py::test_evalf PASSED                 [ 43%]\nsympy/matrices/tests/test_matrices.py::test_is_symbolic PASSED           [ 43%]\nsympy/matrices/tests/test_matrices.py::test_is_upper PASSED              [ 43%]\nsympy/matrices/tests/test_matrices.py::test_is_lower PASSED              [ 43%]\nsympy/matrices/tests/test_matrices.py::test_is_nilpotent PASSED          [ 43%]\nsympy/matrices/tests/test_matrices.py::test_zeros_ones_fill PASSED       [ 43%]\nsympy/matrices/tests/test_matrices.py::test_empty_zeros PASSED           [ 44%]\nsympy/matrices/tests/test_matrices.py::test_issue_3749 PASSED            [ 44%]\nsympy/matrices/tests/test_matrices.py::test_inv_iszerofunc PASSED        [ 44%]\nsympy/matrices/tests/test_matrices.py::test_jacobian_metrics PASSED      [ 44%]\nsympy/matrices/tests/test_matrices.py::test_jacobian2 PASSED             [ 44%]\nsympy/matrices/tests/test_matrices.py::test_issue_4564 PASSED            [ 44%]\nsympy/matrices/tests/test_matrices.py::test_nonvectorJacobian PASSED     [ 44%]\nsympy/matrices/tests/test_matrices.py::test_vec PASSED                   [ 45%]\nsympy/matrices/tests/test_matrices.py::test_vech PASSED                  [ 45%]\nsympy/matrices/tests/test_matrices.py::test_diag PASSED                  [ 45%]\nsympy/matrices/tests/test_matrices.py::test_get_diag_blocks1 PASSED      [ 45%]\nsympy/matrices/tests/test_matrices.py::test_get_diag_blocks2 PASSED      [ 45%]\nsympy/matrices/tests/test_matrices.py::test_inv_block PASSED             [ 45%]\nsympy/matrices/tests/test_matrices.py::test_creation_args PASSED         [ 45%]\nsympy/matrices/tests/test_matrices.py::test_diagonal_symmetrical PASSED  [ 46%]\nsympy/matrices/tests/test_matrices.py::test_diagonalization PASSED       [ 46%]\nsympy/matrices/tests/test_matrices.py::test_issue_15887 PASSED           [ 46%]\nsympy/matrices/tests/test_matrices.py::test_jordan_form PASSED           [ 46%]\nsympy/matrices/tests/test_matrices.py::test_jordan_form_complex_issue_9274 PASSED [ 46%]\nsympy/matrices/tests/test_matrices.py::test_issue_10220 PASSED           [ 46%]\nsympy/matrices/tests/test_matrices.py::test_jordan_form_issue_15858 PASSED [ 46%]\nsympy/matrices/tests/test_matrices.py::test_Matrix_berkowitz_charpoly PASSED [ 46%]\nsympy/matrices/tests/test_matrices.py::test_exp_jordan_block PASSED      [ 47%]\nsympy/matrices/tests/test_matrices.py::test_exp PASSED                   [ 47%]\nsympy/matrices/tests/test_matrices.py::test_log PASSED                   [ 47%]\nsympy/matrices/tests/test_matrices.py::test_has PASSED                   [ 47%]\nsympy/matrices/tests/test_matrices.py::test_find_reasonable_pivot_naive_finds_guaranteed_nonzero1 PASSED [ 47%]\nsympy/matrices/tests/test_matrices.py::test_find_reasonable_pivot_naive_finds_guaranteed_nonzero2 PASSED [ 47%]\nsympy/matrices/tests/test_matrices.py::test_find_reasonable_pivot_naive_simplifies PASSED [ 47%]\nsympy/matrices/tests/test_matrices.py::test_errors PASSED                [ 48%]\nsympy/matrices/tests/test_matrices.py::test_len PASSED                   [ 48%]\nsympy/matrices/tests/test_matrices.py::test_integrate PASSED             [ 48%]\nsympy/matrices/tests/test_matrices.py::test_limit PASSED                 [ 48%]\nsympy/matrices/tests/test_matrices.py::test_diff PASSED                  [ 48%]\nsympy/matrices/tests/test_matrices.py::test_diff_by_matrix PASSED        [ 48%]\nsympy/matrices/tests/test_matrices.py::test_getattr PASSED               [ 48%]\nsympy/matrices/tests/test_matrices.py::test_hessenberg PASSED            [ 49%]\nsympy/matrices/tests/test_matrices.py::test_cholesky PASSED              [ 49%]\nsympy/matrices/tests/test_matrices.py::test_matrix_norm PASSED           [ 49%]\nsympy/matrices/tests/test_matrices.py::test_condition_number PASSED      [ 49%]\nsympy/matrices/tests/test_matrices.py::test_equality PASSED              [ 49%]\nsympy/matrices/tests/test_matrices.py::test_col_join PASSED              [ 49%]\nsympy/matrices/tests/test_matrices.py::test_row_insert PASSED            [ 49%]\nsympy/matrices/tests/test_matrices.py::test_col_insert PASSED            [ 50%]\nsympy/matrices/tests/test_matrices.py::test_normalized PASSED            [ 50%]\nsympy/matrices/tests/test_matrices.py::test_print_nonzero PASSED         [ 50%]\nsympy/matrices/tests/test_matrices.py::test_zeros_eye PASSED             [ 50%]\nsympy/matrices/tests/test_matrices.py::test_is_zero PASSED               [ 50%]\nsympy/matrices/tests/test_matrices.py::test_rotation_matrices PASSED     [ 50%]\nsympy/matrices/tests/test_matrices.py::test_DeferredVector PASSED        [ 50%]\nsympy/matrices/tests/test_matrices.py::test_DeferredVector_not_iterable PASSED [ 50%]\nsympy/matrices/tests/test_matrices.py::test_DeferredVector_Matrix PASSED [ 51%]\nsympy/matrices/tests/test_matrices.py::test_GramSchmidt PASSED           [ 51%]\nsympy/matrices/tests/test_matrices.py::test_casoratian PASSED            [ 51%]\nsympy/matrices/tests/test_matrices.py::test_zero_dimension_multiply PASSED [ 51%]\nsympy/matrices/tests/test_matrices.py::test_slice_issue_2884 PASSED      [ 51%]\nsympy/matrices/tests/test_matrices.py::test_slice_issue_3401 PASSED      [ 51%]\nsympy/matrices/tests/test_matrices.py::test_copyin PASSED                [ 51%]\nsympy/matrices/tests/test_matrices.py::test_invertible_check PASSED      [ 52%]\nsympy/matrices/tests/test_matrices.py::test_issue_3959 PASSED            [ 52%]\nsympy/matrices/tests/test_matrices.py::test_issue_5964 PASSED            [ 52%]\nsympy/matrices/tests/test_matrices.py::test_issue_7604 PASSED            [ 52%]\nsympy/matrices/tests/test_matrices.py::test_is_Identity PASSED           [ 52%]\nsympy/matrices/tests/test_matrices.py::test_dot PASSED                   [ 52%]\nsympy/matrices/tests/test_matrices.py::test_dual PASSED                  [ 52%]\nsympy/matrices/tests/test_matrices.py::test_anti_symmetric PASSED        [ 53%]\nsympy/matrices/tests/test_matrices.py::test_normalize_sort_diogonalization PASSED [ 53%]\nsympy/matrices/tests/test_matrices.py::test_issue_5321 PASSED            [ 53%]\nsympy/matrices/tests/test_matrices.py::test_issue_5320 PASSED            [ 53%]\nsympy/matrices/tests/test_matrices.py::test_issue_11944 PASSED           [ 53%]\nsympy/matrices/tests/test_matrices.py::test_cross PASSED                 [ 53%]\nsympy/matrices/tests/test_matrices.py::test_hat_vee PASSED               [ 53%]\nsympy/matrices/tests/test_matrices.py::test_hash PASSED                  [ 53%]\nsympy/matrices/tests/test_matrices.py::test_issue_3979 XFAIL             [ 54%]\nsympy/matrices/tests/test_matrices.py::test_adjoint PASSED               [ 54%]\nsympy/matrices/tests/test_matrices.py::test_adjoint_with_operator PASSED [ 54%]\nsympy/matrices/tests/test_matrices.py::test_simplify_immutable PASSED    [ 54%]\nsympy/matrices/tests/test_matrices.py::test_replace PASSED               [ 54%]\nsympy/matrices/tests/test_matrices.py::test_atoms PASSED                 [ 54%]\nsympy/matrices/tests/test_matrices.py::test_pinv PASSED                  [ 54%]\nsympy/matrices/tests/test_matrices.py::test_issue_7201 PASSED            [ 55%]\nsympy/matrices/tests/test_matrices.py::test_free_symbols PASSED          [ 55%]\nsympy/matrices/tests/test_matrices.py::test_from_ndarray SKIPPED (Nu...) [ 55%]\nsympy/matrices/tests/test_matrices.py::test_17522_numpy SKIPPED (Num...) [ 55%]\nsympy/matrices/tests/test_matrices.py::test_17522_mpmath PASSED          [ 55%]\nsympy/matrices/tests/test_matrices.py::test_17522_scipy SKIPPED (Sci...) [ 55%]\nsympy/matrices/tests/test_matrices.py::test_hermitian PASSED             [ 55%]\nsympy/matrices/tests/test_matrices.py::test_doit PASSED                  [ 56%]\nsympy/matrices/tests/test_matrices.py::test_issue_9457_9467_9876 PASSED  [ 56%]\nsympy/matrices/tests/test_matrices.py::test_issue_9422 PASSED            [ 56%]\nsympy/matrices/tests/test_matrices.py::test_issue_10770 PASSED           [ 56%]\nsympy/matrices/tests/test_matrices.py::test_issue_10658 PASSED           [ 56%]\nsympy/matrices/tests/test_matrices.py::test_opportunistic_simplification PASSED [ 56%]\nsympy/matrices/tests/test_matrices.py::test_partial_pivoting PASSED      [ 56%]\nsympy/matrices/tests/test_matrices.py::test_iszero_substitution PASSED   [ 56%]\nsympy/matrices/tests/test_matrices.py::test_issue_11238 PASSED           [ 57%]\nsympy/matrices/tests/test_matrices.py::test_as_real_imag PASSED          [ 57%]\nsympy/matrices/tests/test_matrices.py::test_deprecated PASSED            [ 57%]\nsympy/matrices/tests/test_matrices.py::test_issue_14489 PASSED           [ 57%]\nsympy/matrices/tests/test_matrices.py::test_issue_14943 SKIPPED (Num...) [ 57%]\nsympy/matrices/tests/test_matrices.py::test_case_6913 PASSED             [ 57%]\nsympy/matrices/tests/test_matrices.py::test_issue_11948 PASSED           [ 57%]\nsympy/matrices/tests/test_matrices.py::test_gramschmidt_conjugate_dot PASSED [ 58%]\nsympy/matrices/tests/test_matrices.py::test_issue_8207 PASSED            [ 58%]\nsympy/matrices/tests/test_matrices.py::test_func PASSED                  [ 58%]\nsympy/matrices/tests/test_matrices.py::test_issue_19809 PASSED           [ 58%]\nsympy/matrices/tests/test_matrices.py::test_issue_23276 PASSED           [ 58%]\nsympy/matrices/tests/test_matrices.py::test_columnspace_one PASSED       [ 58%]\nsympy/matrices/tests/test_matrices.py::test_rowspace PASSED              [ 58%]\nsympy/matrices/tests/test_matrices.py::test_nullspace_one PASSED         [ 59%]\nsympy/matrices/tests/test_matrices.py::test_row_op PASSED                [ 59%]\nsympy/matrices/tests/test_matrices.py::test_col_op PASSED                [ 59%]\nsympy/matrices/tests/test_matrices.py::test_is_echelon PASSED            [ 59%]\nsympy/matrices/tests/test_matrices.py::test_echelon_form PASSED          [ 59%]\nsympy/matrices/tests/test_matrices.py::test_rref PASSED                  [ 59%]\nsympy/matrices/tests/test_matrices.py::test_rref_rhs PASSED              [ 59%]\nsympy/matrices/tests/test_matrices.py::test_issue_17827 PASSED           [ 60%]\nsympy/matrices/tests/test_matrices.py::test_rank PASSED                  [ 60%]\nsympy/matrices/tests/test_matrices.py::test_issue_11434 PASSED           [ 60%]\nsympy/matrices/tests/test_matrices.py::test_rank_regression_from_so PASSED [ 60%]\nsympy/matrices/tests/test_matrices.py::test_issue_15872 PASSED           [ 60%]\nsympy/matrices/tests/test_matrixbase.py::test__MinimalMatrix PASSED      [ 60%]\nsympy/matrices/tests/test_matrixbase.py::test_kind PASSED                [ 60%]\nsympy/matrices/tests/test_matrixbase.py::test_todok PASSED               [ 60%]\nsympy/matrices/tests/test_matrixbase.py::test_tolist PASSED              [ 61%]\nsympy/matrices/tests/test_matrixbase.py::test_todod PASSED               [ 61%]\nsympy/matrices/tests/test_matrixbase.py::test_row_col_del PASSED         [ 61%]\nsympy/matrices/tests/test_matrixbase.py::test_get_diag_blocks1 PASSED    [ 61%]\nsympy/matrices/tests/test_matrixbase.py::test_get_diag_blocks2 PASSED    [ 61%]\nsympy/matrices/tests/test_matrixbase.py::test_row_col PASSED             [ 61%]\nsympy/matrices/tests/test_matrixbase.py::test_row_join PASSED            [ 61%]\nsympy/matrices/tests/test_matrixbase.py::test_col_join PASSED            [ 62%]\nsympy/matrices/tests/test_matrixbase.py::test_row_insert PASSED          [ 62%]\nsympy/matrices/tests/test_matrixbase.py::test_col_insert PASSED          [ 62%]\nsympy/matrices/tests/test_matrixbase.py::test_extract PASSED             [ 62%]\nsympy/matrices/tests/test_matrixbase.py::test_hstack PASSED              [ 62%]\nsympy/matrices/tests/test_matrixbase.py::test_vstack PASSED              [ 62%]\nsympy/matrices/tests/test_matrixbase.py::test_has PASSED                 [ 62%]\nsympy/matrices/tests/test_matrixbase.py::test_is_anti_symmetric PASSED   [ 63%]\nsympy/matrices/tests/test_matrixbase.py::test_is_hermitian PASSED        [ 63%]\nsympy/matrices/tests/test_matrixbase.py::test_is_symbolic PASSED         [ 63%]\nsympy/matrices/tests/test_matrixbase.py::test_is_square PASSED           [ 63%]\nsympy/matrices/tests/test_matrixbase.py::test_is_symmetric PASSED        [ 63%]\nsympy/matrices/tests/test_matrixbase.py::test_is_hessenberg PASSED       [ 63%]\nsympy/matrices/tests/test_matrixbase.py::test_values PASSED              [ 63%]\nsympy/matrices/tests/test_matrixbase.py::test_conjugate PASSED           [ 63%]\nsympy/matrices/tests/test_matrixbase.py::test_doit PASSED                [ 64%]\nsympy/matrices/tests/test_matrixbase.py::test_evalf PASSED               [ 64%]\nsympy/matrices/tests/test_matrixbase.py::test_replace PASSED             [ 64%]\nsympy/matrices/tests/test_matrixbase.py::test_replace_map PASSED         [ 64%]\nsympy/matrices/tests/test_matrixbase.py::test_numpy_conversion SKIPPED   [ 64%]\nsympy/matrices/tests/test_matrixbase.py::test_rot90 PASSED               [ 64%]\nsympy/matrices/tests/test_matrixbase.py::test_subs PASSED                [ 64%]\nsympy/matrices/tests/test_matrixbase.py::test_permute PASSED             [ 65%]\nsympy/matrices/tests/test_matrixbase.py::test_upper_triangular PASSED    [ 65%]\nsympy/matrices/tests/test_matrixbase.py::test_lower_triangular PASSED    [ 65%]\nsympy/matrices/tests/test_matrixbase.py::test_add PASSED                 [ 65%]\nsympy/matrices/tests/test_matrixbase.py::test_matmul PASSED              [ 65%]\nsympy/matrices/tests/test_matrixbase.py::test_non_matmul PASSED          [ 65%]\nsympy/matrices/tests/test_matrixbase.py::test_neg PASSED                 [ 65%]\nsympy/matrices/tests/test_matrixbase.py::test_sub PASSED                 [ 66%]\nsympy/matrices/tests/test_matrixbase.py::test_div PASSED                 [ 66%]\nsympy/matrices/tests/test_matrixbase.py::test_eye PASSED                 [ 66%]\nsympy/matrices/tests/test_matrixbase.py::test_ones PASSED                [ 66%]\nsympy/matrices/tests/test_matrixbase.py::test_zeros PASSED               [ 66%]\nsympy/matrices/tests/test_matrixbase.py::test_diag_make PASSED           [ 66%]\nsympy/matrices/tests/test_matrixbase.py::test_diagonal PASSED            [ 66%]\nsympy/matrices/tests/test_matrixbase.py::test_jordan_block PASSED        [ 66%]\nsympy/matrices/tests/test_matrixbase.py::test_orthogonalize PASSED       [ 67%]\nsympy/matrices/tests/test_matrixbase.py::test_wilkinson PASSED           [ 67%]\nsympy/matrices/tests/test_matrixbase.py::test_limit PASSED               [ 67%]\nsympy/matrices/tests/test_matrixbase.py::test_issue_13774 PASSED         [ 67%]\nsympy/matrices/tests/test_matrixbase.py::test_companion PASSED           [ 67%]\nsympy/matrices/tests/test_matrixbase.py::test_issue_10589 PASSED         [ 67%]\nsympy/matrices/tests/test_matrixbase.py::test_rmul_pr19860 PASSED        [ 67%]\nsympy/matrices/tests/test_matrixbase.py::test_issue_18956 PASSED         [ 68%]\nsympy/matrices/tests/test_matrixbase.py::test__eq__ PASSED               [ 68%]\nsympy/matrices/tests/test_matrixbase.py::test_args PASSED                [ 68%]\nsympy/matrices/tests/test_matrixbase.py::test_deprecated_mat_smat PASSED [ 68%]\nsympy/matrices/tests/test_matrixbase.py::test_division PASSED            [ 68%]\nsympy/matrices/tests/test_matrixbase.py::test_sum PASSED                 [ 68%]\nsympy/matrices/tests/test_matrixbase.py::test_abs PASSED                 [ 68%]\nsympy/matrices/tests/test_matrixbase.py::test_addition PASSED            [ 69%]\nsympy/matrices/tests/test_matrixbase.py::test_fancy_index_matrix PASSED  [ 69%]\nsympy/matrices/tests/test_matrixbase.py::test_multiplication PASSED      [ 69%]\nsympy/matrices/tests/test_matrixbase.py::test_power PASSED               [ 69%]\nsympy/matrices/tests/test_matrixbase.py::test_issue_17247_expression_blowup_1 PASSED [ 69%]\nsympy/matrices/tests/test_matrixbase.py::test_issue_17247_expression_blowup_2 PASSED [ 69%]\nsympy/matrices/tests/test_matrixbase.py::test_issue_17247_expression_blowup_3 PASSED [ 69%]\nsympy/matrices/tests/test_matrixbase.py::test_issue_17247_expression_blowup_4 PASSED [ 70%]\nsympy/matrices/tests/test_matrixbase.py::test_issue_17247_expression_blowup_5 PASSED [ 70%]\nsympy/matrices/tests/test_matrixbase.py::test_issue_17247_expression_blowup_6 PASSED [ 70%]\nsympy/matrices/tests/test_matrixbase.py::test_issue_17247_expression_blowup_7 PASSED [ 70%]\nsympy/matrices/tests/test_matrixbase.py::test_issue_17247_expression_blowup_8 PASSED [ 70%]\nsympy/matrices/tests/test_matrixbase.py::test_issue_17247_expression_blowup_9 PASSED [ 70%]\nsympy/matrices/tests/test_matrixbase.py::test_issue_17247_expression_blowup_10 PASSED [ 70%]\nsympy/matrices/tests/test_matrixbase.py::test_issue_17247_expression_blowup_11 PASSED [ 70%]\nsympy/matrices/tests/test_matrixbase.py::test_issue_17247_expression_blowup_12 PASSED [ 71%]\nsympy/matrices/tests/test_matrixbase.py::test_issue_17247_expression_blowup_13 PASSED [ 71%]\nsympy/matrices/tests/test_matrixbase.py::test_issue_17247_expression_blowup_14 PASSED [ 71%]\nsympy/matrices/tests/test_matrixbase.py::test_issue_17247_expression_blowup_15 PASSED [ 71%]\nsympy/matrices/tests/test_matrixbase.py::test_issue_17247_expression_blowup_16 PASSED [ 71%]\nsympy/matrices/tests/test_matrixbase.py::test_issue_17247_expression_blowup_17 PASSED [ 71%]\nsympy/matrices/tests/test_matrixbase.py::test_issue_17247_expression_blowup_18 PASSED [ 71%]\nsympy/matrices/tests/test_matrixbase.py::test_issue_17247_expression_blowup_19 PASSED [ 72%]\nsympy/matrices/tests/test_matrixbase.py::test_issue_17247_expression_blowup_20 PASSED [ 72%]\nsympy/matrices/tests/test_matrixbase.py::test_issue_17247_expression_blowup_21 PASSED [ 72%]\nsympy/matrices/tests/test_matrixbase.py::test_issue_17247_expression_blowup_22 PASSED [ 72%]\nsympy/matrices/tests/test_matrixbase.py::test_issue_17247_expression_blowup_23 PASSED [ 72%]\nsympy/matrices/tests/test_matrixbase.py::test_issue_17247_expression_blowup_24 PASSED [ 72%]\nsympy/matrices/tests/test_matrixbase.py::test_issue_17247_expression_blowup_25 PASSED [ 72%]\nsympy/matrices/tests/test_matrixbase.py::test_issue_17247_expression_blowup_26 PASSED [ 73%]\nsympy/matrices/tests/test_matrixbase.py::test_issue_17247_expression_blowup_27 PASSED [ 73%]\nsympy/matrices/tests/test_matrixbase.py::test_issue_17247_expression_blowup_28 PASSED [ 73%]\nsympy/matrices/tests/test_matrixbase.py::test_issue_16823 PASSED         [ 73%]\nsympy/matrices/tests/test_matrixbase.py::test_issue_18531 PASSED         [ 73%]\nsympy/matrices/tests/test_matrixbase.py::test_creation PASSED            [ 73%]\nsympy/matrices/tests/test_matrixbase.py::test_irregular_block PASSED     [ 73%]\nsympy/matrices/tests/test_matrixbase.py::test_slicing PASSED             [ 73%]\nsympy/matrices/tests/test_matrixbase.py::test_submatrix_assignment PASSED [ 74%]\nsympy/matrices/tests/test_matrixbase.py::test_reshape PASSED             [ 74%]\nsympy/matrices/tests/test_matrixbase.py::test_applyfunc PASSED           [ 74%]\nsympy/matrices/tests/test_matrixbase.py::test_expand PASSED              [ 74%]\nsympy/matrices/tests/test_matrixbase.py::test_refine PASSED              [ 74%]\nsympy/matrices/tests/test_matrixbase.py::test_random PASSED              [ 74%]\nsympy/matrices/tests/test_matrixbase.py::test_inverse PASSED             [ 74%]\nsympy/matrices/tests/test_matrixbase.py::test_inverse_symbolic_float_issue_26821 PASSED [ 75%]\nsympy/matrices/tests/test_matrixbase.py::test_jacobian_hessian PASSED    [ 75%]\nsympy/matrices/tests/test_matrixbase.py::test_wronskian PASSED           [ 75%]\nsympy/matrices/tests/test_matrixbase.py::test_xreplace PASSED            [ 75%]\nsympy/matrices/tests/test_matrixbase.py::test_simplify PASSED            [ 75%]\nsympy/matrices/tests/test_matrixbase.py::test_transpose PASSED           [ 75%]\nsympy/matrices/tests/test_matrixbase.py::test_conj_dirac PASSED          [ 75%]\nsympy/matrices/tests/test_matrixbase.py::test_trace PASSED               [ 76%]\nsympy/matrices/tests/test_matrixbase.py::test_shape PASSED               [ 76%]\nsympy/matrices/tests/test_matrixbase.py::test_col_row_op PASSED          [ 76%]\nsympy/matrices/tests/test_matrixbase.py::test_row_mult PASSED            [ 76%]\nsympy/matrices/tests/test_matrixbase.py::test_row_add PASSED             [ 76%]\nsympy/matrices/tests/test_matrixbase.py::test_zip_row_op PASSED          [ 76%]\nsympy/matrices/tests/test_matrixbase.py::test_issue_3950 PASSED          [ 76%]\nsympy/matrices/tests/test_matrixbase.py::test_issue_3981 PASSED          [ 76%]\nsympy/matrices/tests/test_matrixbase.py::test_is_upper PASSED            [ 77%]\nsympy/matrices/tests/test_matrixbase.py::test_is_lower PASSED            [ 77%]\nsympy/matrices/tests/test_matrixbase.py::test_is_nilpotent PASSED        [ 77%]\nsympy/matrices/tests/test_matrixbase.py::test_zeros_ones_fill PASSED     [ 77%]\nsympy/matrices/tests/test_matrixbase.py::test_empty_zeros PASSED         [ 77%]\nsympy/matrices/tests/test_matrixbase.py::test_issue_3749 PASSED          [ 77%]\nsympy/matrices/tests/test_matrixbase.py::test_inv_iszerofunc PASSED      [ 77%]\nsympy/matrices/tests/test_matrixbase.py::test_jacobian_metrics PASSED    [ 78%]\nsympy/matrices/tests/test_matrixbase.py::test_jacobian2 PASSED           [ 78%]\nsympy/matrices/tests/test_matrixbase.py::test_issue_4564 PASSED          [ 78%]\nsympy/matrices/tests/test_matrixbase.py::test_nonvectorJacobian PASSED   [ 78%]\nsympy/matrices/tests/test_matrixbase.py::test_vec PASSED                 [ 78%]\nsympy/matrices/tests/test_matrixbase.py::test_vech PASSED                [ 78%]\nsympy/matrices/tests/test_matrixbase.py::test_diag PASSED                [ 78%]\nsympy/matrices/tests/test_matrixbase.py::test_inv_block PASSED           [ 79%]\nsympy/matrices/tests/test_matrixbase.py::test_creation_args PASSED       [ 79%]\nsympy/matrices/tests/test_matrixbase.py::test_diagonal_symmetrical PASSED [ 79%]\nsympy/matrices/tests/test_matrixbase.py::test_diagonalization PASSED     [ 79%]\nsympy/matrices/tests/test_matrixbase.py::test_issue_15887 PASSED         [ 79%]\nsympy/matrices/tests/test_matrixbase.py::test_jordan_form PASSED         [ 79%]\nsympy/matrices/tests/test_matrixbase.py::test_jordan_form_complex_issue_9274 PASSED [ 79%]\nsympy/matrices/tests/test_matrixbase.py::test_issue_10220 PASSED         [ 80%]\nsympy/matrices/tests/test_matrixbase.py::test_jordan_form_issue_15858 PASSED [ 80%]\nsympy/matrices/tests/test_matrixbase.py::test_Matrix_berkowitz_charpoly PASSED [ 80%]\nsympy/matrices/tests/test_matrixbase.py::test_exp_jordan_block PASSED    [ 80%]\nsympy/matrices/tests/test_matrixbase.py::test_exp PASSED                 [ 80%]\nsympy/matrices/tests/test_matrixbase.py::test_log PASSED                 [ 80%]\nsympy/matrices/tests/test_matrixbase.py::test_find_reasonable_pivot_naive_finds_guaranteed_nonzero1 PASSED [ 80%]\nsympy/matrices/tests/test_matrixbase.py::test_find_reasonable_pivot_naive_finds_guaranteed_nonzero2 PASSED [ 80%]\nsympy/matrices/tests/test_matrixbase.py::test_find_reasonable_pivot_naive_simplifies PASSED [ 81%]\nsympy/matrices/tests/test_matrixbase.py::test_errors PASSED              [ 81%]\nsympy/matrices/tests/test_matrixbase.py::test_len PASSED                 [ 81%]\nsympy/matrices/tests/test_matrixbase.py::test_integrate PASSED           [ 81%]\nsympy/matrices/tests/test_matrixbase.py::test_diff PASSED                [ 81%]\nsympy/matrices/tests/test_matrixbase.py::test_diff_by_matrix PASSED      [ 81%]\nsympy/matrices/tests/test_matrixbase.py::test_getattr PASSED             [ 81%]\nsympy/matrices/tests/test_matrixbase.py::test_hessenberg PASSED          [ 82%]\nsympy/matrices/tests/test_matrixbase.py::test_cholesky PASSED            [ 82%]\nsympy/matrices/tests/test_matrixbase.py::test_matrix_norm PASSED         [ 82%]\nsympy/matrices/tests/test_matrixbase.py::test_condition_number PASSED    [ 82%]\nsympy/matrices/tests/test_matrixbase.py::test_equality PASSED            [ 82%]\nsympy/matrices/tests/test_matrixbase.py::test_normalized PASSED          [ 82%]\nsympy/matrices/tests/test_matrixbase.py::test_print_nonzero PASSED       [ 82%]\nsympy/matrices/tests/test_matrixbase.py::test_zeros_eye PASSED           [ 83%]\nsympy/matrices/tests/test_matrixbase.py::test_is_zero PASSED             [ 83%]\nsympy/matrices/tests/test_matrixbase.py::test_rotation_matrices PASSED   [ 83%]\nsympy/matrices/tests/test_matrixbase.py::test_DeferredVector PASSED      [ 83%]\nsympy/matrices/tests/test_matrixbase.py::test_DeferredVector_not_iterable PASSED [ 83%]\nsympy/matrices/tests/test_matrixbase.py::test_DeferredVector_Matrix PASSED [ 83%]\nsympy/matrices/tests/test_matrixbase.py::test_GramSchmidt PASSED         [ 83%]\nsympy/matrices/tests/test_matrixbase.py::test_casoratian PASSED          [ 83%]\nsympy/matrices/tests/test_matrixbase.py::test_zero_dimension_multiply PASSED [ 84%]\nsympy/matrices/tests/test_matrixbase.py::test_slice_issue_2884 PASSED    [ 84%]\nsympy/matrices/tests/test_matrixbase.py::test_slice_issue_3401 PASSED    [ 84%]\nsympy/matrices/tests/test_matrixbase.py::test_copyin PASSED              [ 84%]\nsympy/matrices/tests/test_matrixbase.py::test_invertible_check PASSED    [ 84%]\nsympy/matrices/tests/test_matrixbase.py::test_issue_3959 PASSED          [ 84%]\nsympy/matrices/tests/test_matrixbase.py::test_issue_5964 PASSED          [ 84%]\nsympy/matrices/tests/test_matrixbase.py::test_issue_7604 PASSED          [ 85%]\nsympy/matrices/tests/test_matrixbase.py::test_is_Identity PASSED         [ 85%]\nsympy/matrices/tests/test_matrixbase.py::test_dot PASSED                 [ 85%]\nsympy/matrices/tests/test_matrixbase.py::test_dual PASSED                [ 85%]\nsympy/matrices/tests/test_matrixbase.py::test_anti_symmetric PASSED      [ 85%]\nsympy/matrices/tests/test_matrixbase.py::test_normalize_sort_diogonalization PASSED [ 85%]\nsympy/matrices/tests/test_matrixbase.py::test_issue_5321 PASSED          [ 85%]\nsympy/matrices/tests/test_matrixbase.py::test_issue_5320 PASSED          [ 86%]\nsympy/matrices/tests/test_matrixbase.py::test_issue_11944 PASSED         [ 86%]\nsympy/matrices/tests/test_matrixbase.py::test_cross PASSED               [ 86%]\nsympy/matrices/tests/test_matrixbase.py::test_hat_vee PASSED             [ 86%]\nsympy/matrices/tests/test_matrixbase.py::test_hash PASSED                [ 86%]\nsympy/matrices/tests/test_matrixbase.py::test_adjoint PASSED             [ 86%]\nsympy/matrices/tests/test_matrixbase.py::test_atoms PASSED               [ 86%]\nsympy/matrices/tests/test_matrixbase.py::test_pinv PASSED                [ 86%]\nsympy/matrices/tests/test_matrixbase.py::test_issue_7201 PASSED          [ 87%]\nsympy/matrices/tests/test_matrixbase.py::test_free_symbols PASSED        [ 87%]\nsympy/matrices/tests/test_matrixbase.py::test_from_ndarray SKIPPED (...) [ 87%]\nsympy/matrices/tests/test_matrixbase.py::test_17522_numpy SKIPPED (N...) [ 87%]\nsympy/matrices/tests/test_matrixbase.py::test_17522_mpmath PASSED        [ 87%]\nsympy/matrices/tests/test_matrixbase.py::test_17522_scipy SKIPPED (S...) [ 87%]\nsympy/matrices/tests/test_matrixbase.py::test_hermitian PASSED           [ 87%]\nsympy/matrices/tests/test_matrixbase.py::test_issue_9457_9467_9876 PASSED [ 88%]\nsympy/matrices/tests/test_matrixbase.py::test_issue_9422 PASSED          [ 88%]\nsympy/matrices/tests/test_matrixbase.py::test_issue_10770 PASSED         [ 88%]\nsympy/matrices/tests/test_matrixbase.py::test_issue_10658 PASSED         [ 88%]\nsympy/matrices/tests/test_matrixbase.py::test_opportunistic_simplification PASSED [ 88%]\nsympy/matrices/tests/test_matrixbase.py::test_partial_pivoting PASSED    [ 88%]\nsympy/matrices/tests/test_matrixbase.py::test_iszero_substitution PASSED [ 88%]\nsympy/matrices/tests/test_matrixbase.py::test_issue_11238 PASSED         [ 89%]\nsympy/matrices/tests/test_matrixbase.py::test_as_real_imag PASSED        [ 89%]\nsympy/matrices/tests/test_matrixbase.py::test_deprecated PASSED          [ 89%]\nsympy/matrices/tests/test_matrixbase.py::test_issue_14489 PASSED         [ 89%]\nsympy/matrices/tests/test_matrixbase.py::test_issue_14943 SKIPPED (N...) [ 89%]\nsympy/matrices/tests/test_matrixbase.py::test_case_6913 PASSED           [ 89%]\nsympy/matrices/tests/test_matrixbase.py::test_issue_11948 PASSED         [ 89%]\nsympy/matrices/tests/test_matrixbase.py::test_gramschmidt_conjugate_dot PASSED [ 90%]\nsympy/matrices/tests/test_matrixbase.py::test_issue_8207 PASSED          [ 90%]\nsympy/matrices/tests/test_matrixbase.py::test_func PASSED                [ 90%]\nsympy/matrices/tests/test_matrixbase.py::test_issue_19809 PASSED         [ 90%]\nsympy/matrices/tests/test_matrixbase.py::test_issue_23276 PASSED         [ 90%]\nsympy/matrices/tests/test_matrixbase.py::test_issue_27225 PASSED         [ 90%]\nsympy/matrices/tests/test_normalforms.py::test_smith_normal PASSED       [ 90%]\nsympy/matrices/tests/test_normalforms.py::test_smith_normal_deprecated PASSED [ 90%]\nsympy/matrices/tests/test_normalforms.py::test_hermite_normal PASSED     [ 91%]\nsympy/matrices/tests/test_normalforms.py::test_issue_23410 PASSED        [ 91%]\nsympy/matrices/tests/test_reductions.py::test_row_op PASSED              [ 91%]\nsympy/matrices/tests/test_reductions.py::test_col_op PASSED              [ 91%]\nsympy/matrices/tests/test_reductions.py::test_is_echelon PASSED          [ 91%]\nsympy/matrices/tests/test_reductions.py::test_echelon_form PASSED        [ 91%]\nsympy/matrices/tests/test_reductions.py::test_rref PASSED                [ 91%]\nsympy/matrices/tests/test_reductions.py::test_inverse_GE_noncommutative PASSED [ 92%]\nsympy/matrices/tests/test_reductions.py::test_rref_rhs PASSED            [ 92%]\nsympy/matrices/tests/test_reductions.py::test_issue_17827 PASSED         [ 92%]\nsympy/matrices/tests/test_reductions.py::test_rank PASSED                [ 92%]\nsympy/matrices/tests/test_reductions.py::test_issue_11434 PASSED         [ 92%]\nsympy/matrices/tests/test_reductions.py::test_rank_regression_from_so PASSED [ 92%]\nsympy/matrices/tests/test_reductions.py::test_issue_15872 PASSED         [ 92%]\nsympy/matrices/tests/test_repmatrix.py::test_lll PASSED                  [ 93%]\nsympy/matrices/tests/test_repmatrix.py::test_matrix_inv_mod PASSED       [ 93%]\nsympy/matrices/tests/test_solvers.py::test_issue_17247_expression_blowup_29 PASSED [ 93%]\nsympy/matrices/tests/test_solvers.py::test_issue_17247_expression_blowup_30 PASSED [ 93%]\nsympy/matrices/tests/test_solvers.py::test_LUsolve_iszerofunc PASSED     [ 93%]\nsympy/matrices/tests/test_solvers.py::test_issue_17247_expression_blowup_32 PASSED [ 93%]\nsympy/matrices/tests/test_solvers.py::test_LUsolve PASSED                [ 93%]\nsympy/matrices/tests/test_solvers.py::test_LUsolve_noncommutative PASSED [ 93%]\nsympy/matrices/tests/test_solvers.py::test_QRsolve PASSED                [ 94%]\nsympy/matrices/tests/test_solvers.py::test_errors PASSED                 [ 94%]\nsympy/matrices/tests/test_solvers.py::test_cholesky_solve PASSED         [ 94%]\nsympy/matrices/tests/test_solvers.py::test_LDLsolve PASSED               [ 94%]\nsympy/matrices/tests/test_solvers.py::test_lower_triangular_solve PASSED [ 94%]\nsympy/matrices/tests/test_solvers.py::test_upper_triangular_solve PASSED [ 94%]\nsympy/matrices/tests/test_solvers.py::test_diagonal_solve PASSED         [ 94%]\nsympy/matrices/tests/test_solvers.py::test_pinv_solve PASSED             [ 95%]\nsympy/matrices/tests/test_solvers.py::test_pinv_rank_deficient PASSED    [ 95%]\nsympy/matrices/tests/test_solvers.py::test_gauss_jordan_solve PASSED     [ 95%]\nsympy/matrices/tests/test_solvers.py::test_linsolve_underdetermined_AND_gauss_jordan_solve PASSED [ 95%]\nsympy/matrices/tests/test_solvers.py::test_cramer_solve[M0-rhs0-bird] PASSED [ 95%]\nsympy/matrices/tests/test_solvers.py::test_cramer_solve[M0-rhs0-laplace] PASSED [ 95%]\nsympy/matrices/tests/test_solvers.py::test_cramer_solve[M1-rhs1-bird] PASSED [ 95%]\nsympy/matrices/tests/test_solvers.py::test_cramer_solve[M1-rhs1-laplace] PASSED [ 96%]\nsympy/matrices/tests/test_solvers.py::test_cramer_solve[M2-rhs2-bird] PASSED [ 96%]\nsympy/matrices/tests/test_solvers.py::test_cramer_solve[M2-rhs2-laplace] PASSED [ 96%]\nsympy/matrices/tests/test_solvers.py::test_cramer_solve_errors[bird-DMShapeError] PASSED [ 96%]\nsympy/matrices/tests/test_solvers.py::test_cramer_solve_errors[_det_laplace-NonSquareMatrixError] PASSED [ 96%]\nsympy/matrices/tests/test_solvers.py::test_solve PASSED                  [ 96%]\nsympy/matrices/tests/test_sparse.py::test_sparse_creation PASSED         [ 96%]\nsympy/matrices/tests/test_sparse.py::test_sparse_matrix PASSED           [ 96%]\nsympy/matrices/tests/test_sparse.py::test_scalar_multiply PASSED         [ 97%]\nsympy/matrices/tests/test_sparse.py::test_transpose PASSED               [ 97%]\nsympy/matrices/tests/test_sparse.py::test_trace PASSED                   [ 97%]\nsympy/matrices/tests/test_sparse.py::test_CL_RL PASSED                   [ 97%]\nsympy/matrices/tests/test_sparse.py::test_add PASSED                     [ 97%]\nsympy/matrices/tests/test_sparse.py::test_errors PASSED                  [ 97%]\nsympy/matrices/tests/test_sparse.py::test_len PASSED                     [ 97%]\nsympy/matrices/tests/test_sparse.py::test_sparse_zeros_sparse_eye PASSED [ 98%]\nsympy/matrices/tests/test_sparse.py::test_copyin PASSED                  [ 98%]\nsympy/matrices/tests/test_sparse.py::test_sparse_solve PASSED            [ 98%]\nsympy/matrices/tests/test_sparse.py::test_lower_triangular_solve PASSED  [ 98%]\nsympy/matrices/tests/test_sparse.py::test_upper_triangular_solve PASSED  [ 98%]\nsympy/matrices/tests/test_sparse.py::test_diagonal_solve PASSED          [ 98%]\nsympy/matrices/tests/test_sparse.py::test_hermitian PASSED               [ 98%]\nsympy/matrices/tests/test_sparsetools.py::test_doktocsr PASSED           [ 99%]\nsympy/matrices/tests/test_sparsetools.py::test_csrtodok PASSED           [ 99%]\nsympy/matrices/tests/test_sparsetools.py::test_banded PASSED             [ 99%]\nsympy/matrices/tests/test_subspaces.py::test_columnspace_one PASSED      [ 99%]\nsympy/matrices/tests/test_subspaces.py::test_rowspace PASSED             [ 99%]\nsympy/matrices/tests/test_subspaces.py::test_nullspace_one PASSED        [ 99%]\nsympy/matrices/tests/test_subspaces.py::test_nullspace_second PASSED     [ 99%]\nsympy/matrices/tests/test_subspaces.py::test_columnspace_second PASSED   [100%]\n\n                                DO *NOT* COMMIT!                                \n=========================== short test summary info ============================\nFAILED sympy/matrices/tests/test_commonmatrix.py::test_col_insert - IndexErro...\n= 1 failed, 717 passed, 9 skipped, 5 deselected, 3 xfailed in 101.65s (0:01:41) =\n\n--- STDERR ---\n"
}