Get:1 http://deb.debian.org/debian bookworm InRelease [151 kB]
Get:2 http://deb.debian.org/debian bookworm-updates InRelease [55.4 kB]
Get:3 http://deb.debian.org/debian-security bookworm-security InRelease [48.0 kB]
Get:4 http://deb.debian.org/debian bookworm/main amd64 Packages [8791 kB]
Get:5 http://deb.debian.org/debian bookworm-updates/main amd64 Packages [6924 B]
Get:6 http://deb.debian.org/debian-security bookworm-security/main amd64 Packages [290 kB]
Fetched 9342 kB in 1s (7970 kB/s)
Reading package lists...
Reading package lists...
Building dependency tree...
Reading state information...
curl is already the newest version (7.88.1-10+deb12u14).
0 upgraded, 0 newly installed, 0 to remove and 0 not upgraded.
no checksums to verify
installing to /root/.local/bin
  uv
  uvx
everything's installed!

To add $HOME/.local/bin to your PATH, either restart your shell or run:

    source $HOME/.local/bin/env (sh, bash, zsh)
    source $HOME/.local/bin/env.fish (fish)
============================= test session starts ==============================
platform linux -- Python 3.13.11, pytest-9.0.2, pluggy-1.6.0 -- /app/.tbench-testing/bin/python3
cachedir: .pytest_cache
rootdir: /tests
collecting ... collected 4 items

../tests/test_outputs.py::test_hello_world_png_exists FAILED             [ 25%]
../tests/test_outputs.py::test_hello_world_jpeg_exists FAILED            [ 50%]
../tests/test_outputs.py::test_hello_world_png_size FAILED               [ 75%]
../tests/test_outputs.py::test_hello_world_jpeg_size FAILED              [100%]

=================================== FAILURES ===================================
_________________________ test_hello_world_png_exists __________________________

    def test_hello_world_png_exists():
        """
        Test that the hello_world.png file exists and contains the text "Hello world!".
    
        This test verifies:
        1. The PNG file exists at the expected path
        2. The file contains readable text using OCR
        3. The extracted text includes "Hello world!"
    
        Raises:
            AssertionError: If the file doesn't exist or doesn't contain expected text
        """
    
        png_path = Path("/app/hello_world.png")
>       assert png_path.exists(), f"PNG file not found at {png_path}"
E       AssertionError: PNG file not found at /app/hello_world.png
E       assert False
E        +  where False = exists()
E        +    where exists = PosixPath('/app/hello_world.png').exists

/tests/test_outputs.py:22: AssertionError
_________________________ test_hello_world_jpeg_exists _________________________

    def test_hello_world_jpeg_exists():
        """
        Test that the hello_world.jpeg file exists and contains the text "ScienceNews".
    
        This test verifies:
        1. The PNG file exists at the expected path
        2. The file contains readable text using OCR
        3. The extracted text includes "ScienceNews"
    
        Raises:
            AssertionError: If the file doesn't exist or doesn't contain expected text
        """
    
        jpeg_path = Path("/app/hello_world.jpeg")
>       assert jpeg_path.exists(), f"JPEG file not found at {jpeg_path}"
E       AssertionError: JPEG file not found at /app/hello_world.jpeg
E       assert False
E        +  where False = exists()
E        +    where exists = PosixPath('/app/hello_world.jpeg').exists

/tests/test_outputs.py:47: AssertionError
__________________________ test_hello_world_png_size ___________________________

    def test_hello_world_png_size():
        """
        Test that the hello_world.png file size does not exceed 20MB.
    
        This test verifies:
        1. The PNG file size does not exceed 20MB
        """
    
        png_path = Path("/app/hello_world.png")
>       assert png_path.exists(), f"PNG file not found at {png_path}"
E       AssertionError: PNG file not found at /app/hello_world.png
E       assert False
E        +  where False = exists()
E        +    where exists = PosixPath('/app/hello_world.png').exists

/tests/test_outputs.py:67: AssertionError
__________________________ test_hello_world_jpeg_size __________________________

    def test_hello_world_jpeg_size():
        """
        Test that the hello_world.jpeg file size does not exceed 20MB.
    
        This test verifies:
        1. The JPEG file size does not exceed 20MB
        """
    
        jpeg_path = Path("/app/hello_world.jpeg")
>       assert jpeg_path.exists(), f"JPEG file not found at {jpeg_path}"
E       AssertionError: JPEG file not found at /app/hello_world.jpeg
E       assert False
E        +  where False = exists()
E        +    where exists = PosixPath('/app/hello_world.jpeg').exists

/tests/test_outputs.py:82: AssertionError
=========================== short test summary info ============================
FAILED ../tests/test_outputs.py::test_hello_world_png_exists - AssertionError...
FAILED ../tests/test_outputs.py::test_hello_world_jpeg_exists - AssertionErro...
FAILED ../tests/test_outputs.py::test_hello_world_png_size - AssertionError: ...
FAILED ../tests/test_outputs.py::test_hello_world_jpeg_size - AssertionError:...
============================== 4 failed in 12.52s ==============================
