Get:1 http://deb.debian.org/debian bookworm InRelease [151 kB]
Get:2 http://deb.debian.org/debian bookworm-updates InRelease [55.4 kB]
Get:3 http://deb.debian.org/debian-security bookworm-security InRelease [48.0 kB]
Get:4 http://deb.debian.org/debian bookworm/main amd64 Packages [8791 kB]
Get:5 http://deb.debian.org/debian bookworm-updates/main amd64 Packages [6924 B]
Get:6 http://deb.debian.org/debian-security bookworm-security/main amd64 Packages [290 kB]
Fetched 9342 kB in 1s (7738 kB/s)
Reading package lists...
Reading package lists...
Building dependency tree...
Reading state information...
The following additional packages will be installed:
  libcurl4 libnghttp2-14 libpsl5 librtmp1 libssh2-1 publicsuffix
The following NEW packages will be installed:
  curl libcurl4 libnghttp2-14 libpsl5 librtmp1 libssh2-1 publicsuffix
0 upgraded, 7 newly installed, 0 to remove and 0 not upgraded.
Need to get 1205 kB of archives.
After this operation, 2547 kB of additional disk space will be used.
Get:1 http://deb.debian.org/debian bookworm/main amd64 libnghttp2-14 amd64 1.52.0-1+deb12u2 [73.0 kB]
Get:2 http://deb.debian.org/debian bookworm/main amd64 libpsl5 amd64 0.21.2-1 [58.7 kB]
Get:3 http://deb.debian.org/debian bookworm/main amd64 librtmp1 amd64 2.4+20151223.gitfa8646d.1-2+b2 [60.8 kB]
Get:4 http://deb.debian.org/debian bookworm/main amd64 libssh2-1 amd64 1.10.0-3+b1 [179 kB]
Get:5 http://deb.debian.org/debian bookworm/main amd64 libcurl4 amd64 7.88.1-10+deb12u14 [392 kB]
Get:6 http://deb.debian.org/debian bookworm/main amd64 curl amd64 7.88.1-10+deb12u14 [316 kB]
Get:7 http://deb.debian.org/debian bookworm/main amd64 publicsuffix all 20230209.2326-1 [126 kB]
Fetched 1205 kB in 0s (16.8 MB/s)
Selecting previously unselected package libnghttp2-14:amd64.
(Reading database ... (Reading database ... 5%(Reading database ... 10%(Reading database ... 15%(Reading database ... 20%(Reading database ... 25%(Reading database ... 30%(Reading database ... 35%(Reading database ... 40%(Reading database ... 45%(Reading database ... 50%(Reading database ... 55%(Reading database ... 60%(Reading database ... 65%(Reading database ... 70%(Reading database ... 75%(Reading database ... 80%(Reading database ... 85%(Reading database ... 90%(Reading database ... 95%(Reading database ... 100%(Reading database ... 16415 files and directories currently installed.)
Preparing to unpack .../0-libnghttp2-14_1.52.0-1+deb12u2_amd64.deb ...
Unpacking libnghttp2-14:amd64 (1.52.0-1+deb12u2) ...
Selecting previously unselected package libpsl5:amd64.
Preparing to unpack .../1-libpsl5_0.21.2-1_amd64.deb ...
Unpacking libpsl5:amd64 (0.21.2-1) ...
Selecting previously unselected package librtmp1:amd64.
Preparing to unpack .../2-librtmp1_2.4+20151223.gitfa8646d.1-2+b2_amd64.deb ...
Unpacking librtmp1:amd64 (2.4+20151223.gitfa8646d.1-2+b2) ...
Selecting previously unselected package libssh2-1:amd64.
Preparing to unpack .../3-libssh2-1_1.10.0-3+b1_amd64.deb ...
Unpacking libssh2-1:amd64 (1.10.0-3+b1) ...
Selecting previously unselected package libcurl4:amd64.
Preparing to unpack .../4-libcurl4_7.88.1-10+deb12u14_amd64.deb ...
Unpacking libcurl4:amd64 (7.88.1-10+deb12u14) ...
Selecting previously unselected package curl.
Preparing to unpack .../5-curl_7.88.1-10+deb12u14_amd64.deb ...
Unpacking curl (7.88.1-10+deb12u14) ...
Selecting previously unselected package publicsuffix.
Preparing to unpack .../6-publicsuffix_20230209.2326-1_all.deb ...
Unpacking publicsuffix (20230209.2326-1) ...
Setting up libpsl5:amd64 (0.21.2-1) ...
Setting up libnghttp2-14:amd64 (1.52.0-1+deb12u2) ...
Setting up librtmp1:amd64 (2.4+20151223.gitfa8646d.1-2+b2) ...
Setting up libssh2-1:amd64 (1.10.0-3+b1) ...
Setting up publicsuffix (20230209.2326-1) ...
Setting up libcurl4:amd64 (7.88.1-10+deb12u14) ...
Setting up curl (7.88.1-10+deb12u14) ...
Processing triggers for libc-bin (2.36-9+deb12u13) ...
no checksums to verify
installing to /root/.local/bin
  uv
  uvx
everything's installed!

To add $HOME/.local/bin to your PATH, either restart your shell or run:

    source $HOME/.local/bin/env (sh, bash, zsh)
    source $HOME/.local/bin/env.fish (fish)
============================= test session starts ==============================
platform linux -- Python 3.11.14, pytest-8.4.1, pluggy-1.6.0
rootdir: /tests
collected 2 items

../tests/test_outputs.py .F                                              [100%]

=================================== FAILURES ===================================
_____________________________ test_results_matches _____________________________

    def test_results_matches():
        """
        To verify whether the SQL query is correct
        """
        # Load data
        products = pd.read_csv("/app/products.csv")
        orders = pd.read_csv("/app/orders.csv", parse_dates=["order_date"])
    
        q4_orders = orders[
            (orders["order_date"] >= "2024-10-01") & (orders["order_date"] <= "2024-12-31")
        ]
        q4_orders_with_sales = q4_orders.copy()
        q4_orders_with_sales["total_sales"] = (
            q4_orders_with_sales["quantity"] * q4_orders_with_sales["unit_price"]
        )
        q4_sales_by_product = q4_orders_with_sales.merge(products, on="product_id")
        sales_summary = (
            q4_sales_by_product.groupby(["category", "product_id"])["total_sales"]
            .sum()
            .reset_index()
        )
        ground_truth = (
            sales_summary.groupby("category")
            .apply(lambda x: x.nlargest(3, "total_sales")["product_id"].tolist())
            .to_dict()
        )
    
        con = duckdb.connect()
        con.register("products", products)
        con.register("orders", orders)
    
        complex_query = Path("/app/answer.sql").read_text()
    
        top3 = (
>           con.execute(complex_query)
            .df()
            .groupby("category")["product_id"]
            .apply(list)
            .to_dict()
        )
E       duckdb.duckdb.BinderException: Binder Error: Values list "p" does not have a column named "price"
E       
E       LINE 6: ...() OVER (PARTITION BY p.category ORDER BY SUM(o.quantity * p.price) DESC) AS rn
E                                                                             ^

/tests/test_outputs.py:56: BinderException
==================================== PASSES ====================================
=========================== short test summary info ============================
PASSED ../tests/test_outputs.py::test_answer_exists
FAILED ../tests/test_outputs.py::test_results_matches - duckdb.duckdb.BinderE...
========================= 1 failed, 1 passed in 1.32s ==========================
