Get:1 http://deb.debian.org/debian bookworm InRelease [151 kB]
Get:2 http://deb.debian.org/debian bookworm-updates InRelease [55.4 kB]
Get:3 http://deb.debian.org/debian-security bookworm-security InRelease [48.0 kB]
Get:4 http://deb.debian.org/debian bookworm/main amd64 Packages [8791 kB]
Get:5 http://deb.debian.org/debian bookworm-updates/main amd64 Packages [6924 B]
Get:6 http://deb.debian.org/debian-security bookworm-security/main amd64 Packages [290 kB]
Fetched 9342 kB in 1s (7763 kB/s)
Reading package lists...
Reading package lists...
Building dependency tree...
Reading state information...
The following additional packages will be installed:
  krb5-locales libbrotli1 libcurl4 libgssapi-krb5-2 libk5crypto3 libkeyutils1
  libkrb5-3 libkrb5support0 libldap-2.5-0 libldap-common libnghttp2-14 libpsl5
  librtmp1 libsasl2-2 libsasl2-modules libsasl2-modules-db libssh2-1
  publicsuffix
Suggested packages:
  krb5-doc krb5-user libsasl2-modules-gssapi-mit
  | libsasl2-modules-gssapi-heimdal libsasl2-modules-ldap libsasl2-modules-otp
  libsasl2-modules-sql
The following NEW packages will be installed:
  curl krb5-locales libbrotli1 libcurl4 libgssapi-krb5-2 libk5crypto3
  libkeyutils1 libkrb5-3 libkrb5support0 libldap-2.5-0 libldap-common
  libnghttp2-14 libpsl5 librtmp1 libsasl2-2 libsasl2-modules
  libsasl2-modules-db libssh2-1 publicsuffix
0 upgraded, 19 newly installed, 0 to remove and 0 not upgraded.
Need to get 2493 kB of archives.
After this operation, 6813 kB of additional disk space will be used.
Get:1 http://deb.debian.org/debian bookworm/main amd64 krb5-locales all 1.20.1-2+deb12u4 [63.4 kB]
Get:2 http://deb.debian.org/debian bookworm/main amd64 libbrotli1 amd64 1.0.9-2+b6 [275 kB]
Get:3 http://deb.debian.org/debian bookworm/main amd64 libkrb5support0 amd64 1.20.1-2+deb12u4 [33.2 kB]
Get:4 http://deb.debian.org/debian bookworm/main amd64 libk5crypto3 amd64 1.20.1-2+deb12u4 [79.8 kB]
Get:5 http://deb.debian.org/debian bookworm/main amd64 libkeyutils1 amd64 1.6.3-2 [8808 B]
Get:6 http://deb.debian.org/debian bookworm/main amd64 libkrb5-3 amd64 1.20.1-2+deb12u4 [334 kB]
Get:7 http://deb.debian.org/debian bookworm/main amd64 libgssapi-krb5-2 amd64 1.20.1-2+deb12u4 [135 kB]
Get:8 http://deb.debian.org/debian bookworm/main amd64 libsasl2-modules-db amd64 2.1.28+dfsg-10 [20.3 kB]
Get:9 http://deb.debian.org/debian bookworm/main amd64 libsasl2-2 amd64 2.1.28+dfsg-10 [59.7 kB]
Get:10 http://deb.debian.org/debian bookworm/main amd64 libldap-2.5-0 amd64 2.5.13+dfsg-5 [183 kB]
Get:11 http://deb.debian.org/debian bookworm/main amd64 libnghttp2-14 amd64 1.52.0-1+deb12u2 [73.0 kB]
Get:12 http://deb.debian.org/debian bookworm/main amd64 libpsl5 amd64 0.21.2-1 [58.7 kB]
Get:13 http://deb.debian.org/debian bookworm/main amd64 librtmp1 amd64 2.4+20151223.gitfa8646d.1-2+b2 [60.8 kB]
Get:14 http://deb.debian.org/debian bookworm/main amd64 libssh2-1 amd64 1.10.0-3+b1 [179 kB]
Get:15 http://deb.debian.org/debian bookworm/main amd64 libcurl4 amd64 7.88.1-10+deb12u14 [392 kB]
Get:16 http://deb.debian.org/debian bookworm/main amd64 curl amd64 7.88.1-10+deb12u14 [316 kB]
Get:17 http://deb.debian.org/debian bookworm/main amd64 libldap-common all 2.5.13+dfsg-5 [29.3 kB]
Get:18 http://deb.debian.org/debian bookworm/main amd64 libsasl2-modules amd64 2.1.28+dfsg-10 [66.6 kB]
Get:19 http://deb.debian.org/debian bookworm/main amd64 publicsuffix all 20230209.2326-1 [126 kB]
Fetched 2493 kB in 0s (33.0 MB/s)
Selecting previously unselected package krb5-locales.
(Reading database ... (Reading database ... 5%(Reading database ... 10%(Reading database ... 15%(Reading database ... 20%(Reading database ... 25%(Reading database ... 30%(Reading database ... 35%(Reading database ... 40%(Reading database ... 45%(Reading database ... 50%(Reading database ... 55%(Reading database ... 60%(Reading database ... 65%(Reading database ... 70%(Reading database ... 75%(Reading database ... 80%(Reading database ... 85%(Reading database ... 90%(Reading database ... 95%(Reading database ... 100%(Reading database ... 8804 files and directories currently installed.)
Preparing to unpack .../00-krb5-locales_1.20.1-2+deb12u4_all.deb ...
Unpacking krb5-locales (1.20.1-2+deb12u4) ...
Selecting previously unselected package libbrotli1:amd64.
Preparing to unpack .../01-libbrotli1_1.0.9-2+b6_amd64.deb ...
Unpacking libbrotli1:amd64 (1.0.9-2+b6) ...
Selecting previously unselected package libkrb5support0:amd64.
Preparing to unpack .../02-libkrb5support0_1.20.1-2+deb12u4_amd64.deb ...
Unpacking libkrb5support0:amd64 (1.20.1-2+deb12u4) ...
Selecting previously unselected package libk5crypto3:amd64.
Preparing to unpack .../03-libk5crypto3_1.20.1-2+deb12u4_amd64.deb ...
Unpacking libk5crypto3:amd64 (1.20.1-2+deb12u4) ...
Selecting previously unselected package libkeyutils1:amd64.
Preparing to unpack .../04-libkeyutils1_1.6.3-2_amd64.deb ...
Unpacking libkeyutils1:amd64 (1.6.3-2) ...
Selecting previously unselected package libkrb5-3:amd64.
Preparing to unpack .../05-libkrb5-3_1.20.1-2+deb12u4_amd64.deb ...
Unpacking libkrb5-3:amd64 (1.20.1-2+deb12u4) ...
Selecting previously unselected package libgssapi-krb5-2:amd64.
Preparing to unpack .../06-libgssapi-krb5-2_1.20.1-2+deb12u4_amd64.deb ...
Unpacking libgssapi-krb5-2:amd64 (1.20.1-2+deb12u4) ...
Selecting previously unselected package libsasl2-modules-db:amd64.
Preparing to unpack .../07-libsasl2-modules-db_2.1.28+dfsg-10_amd64.deb ...
Unpacking libsasl2-modules-db:amd64 (2.1.28+dfsg-10) ...
Selecting previously unselected package libsasl2-2:amd64.
Preparing to unpack .../08-libsasl2-2_2.1.28+dfsg-10_amd64.deb ...
Unpacking libsasl2-2:amd64 (2.1.28+dfsg-10) ...
Selecting previously unselected package libldap-2.5-0:amd64.
Preparing to unpack .../09-libldap-2.5-0_2.5.13+dfsg-5_amd64.deb ...
Unpacking libldap-2.5-0:amd64 (2.5.13+dfsg-5) ...
Selecting previously unselected package libnghttp2-14:amd64.
Preparing to unpack .../10-libnghttp2-14_1.52.0-1+deb12u2_amd64.deb ...
Unpacking libnghttp2-14:amd64 (1.52.0-1+deb12u2) ...
Selecting previously unselected package libpsl5:amd64.
Preparing to unpack .../11-libpsl5_0.21.2-1_amd64.deb ...
Unpacking libpsl5:amd64 (0.21.2-1) ...
Selecting previously unselected package librtmp1:amd64.
Preparing to unpack .../12-librtmp1_2.4+20151223.gitfa8646d.1-2+b2_amd64.deb ...
Unpacking librtmp1:amd64 (2.4+20151223.gitfa8646d.1-2+b2) ...
Selecting previously unselected package libssh2-1:amd64.
Preparing to unpack .../13-libssh2-1_1.10.0-3+b1_amd64.deb ...
Unpacking libssh2-1:amd64 (1.10.0-3+b1) ...
Selecting previously unselected package libcurl4:amd64.
Preparing to unpack .../14-libcurl4_7.88.1-10+deb12u14_amd64.deb ...
Unpacking libcurl4:amd64 (7.88.1-10+deb12u14) ...
Selecting previously unselected package curl.
Preparing to unpack .../15-curl_7.88.1-10+deb12u14_amd64.deb ...
Unpacking curl (7.88.1-10+deb12u14) ...
Selecting previously unselected package libldap-common.
Preparing to unpack .../16-libldap-common_2.5.13+dfsg-5_all.deb ...
Unpacking libldap-common (2.5.13+dfsg-5) ...
Selecting previously unselected package libsasl2-modules:amd64.
Preparing to unpack .../17-libsasl2-modules_2.1.28+dfsg-10_amd64.deb ...
Unpacking libsasl2-modules:amd64 (2.1.28+dfsg-10) ...
Selecting previously unselected package publicsuffix.
Preparing to unpack .../18-publicsuffix_20230209.2326-1_all.deb ...
Unpacking publicsuffix (20230209.2326-1) ...
Setting up libkeyutils1:amd64 (1.6.3-2) ...
Setting up libpsl5:amd64 (0.21.2-1) ...
Setting up libbrotli1:amd64 (1.0.9-2+b6) ...
Setting up libsasl2-modules:amd64 (2.1.28+dfsg-10) ...
Setting up libnghttp2-14:amd64 (1.52.0-1+deb12u2) ...
Setting up krb5-locales (1.20.1-2+deb12u4) ...
Setting up libldap-common (2.5.13+dfsg-5) ...
Setting up libkrb5support0:amd64 (1.20.1-2+deb12u4) ...
Setting up libsasl2-modules-db:amd64 (2.1.28+dfsg-10) ...
Setting up librtmp1:amd64 (2.4+20151223.gitfa8646d.1-2+b2) ...
Setting up libk5crypto3:amd64 (1.20.1-2+deb12u4) ...
Setting up libsasl2-2:amd64 (2.1.28+dfsg-10) ...
Setting up libssh2-1:amd64 (1.10.0-3+b1) ...
Setting up libkrb5-3:amd64 (1.20.1-2+deb12u4) ...
Setting up publicsuffix (20230209.2326-1) ...
Setting up libldap-2.5-0:amd64 (2.5.13+dfsg-5) ...
Setting up libgssapi-krb5-2:amd64 (1.20.1-2+deb12u4) ...
Setting up libcurl4:amd64 (7.88.1-10+deb12u14) ...
Setting up curl (7.88.1-10+deb12u14) ...
Processing triggers for libc-bin (2.36-9+deb12u13) ...
no checksums to verify
installing to /root/.local/bin
  uv
  uvx
everything's installed!

To add $HOME/.local/bin to your PATH, either restart your shell or run:

    source $HOME/.local/bin/env (sh, bash, zsh)
    source $HOME/.local/bin/env.fish (fish)
============================= test session starts ==============================
platform linux -- Python 3.13.11, pytest-8.4.1, pluggy-1.6.0
rootdir: /tests
collected 8 items

../tests/test_outputs.py FFFFFFFF                                        [100%]

=================================== FAILURES ===================================
______________________________ test_plugin_exists ______________________________

    def test_plugin_exists():
        """Test that the LayoutQuine plugin file exists."""
        plugin_path = Path("/app/plugin/layout_quine.vim")
>       assert plugin_path.exists(), f"Plugin file {plugin_path} does not exist"
E       AssertionError: Plugin file /app/plugin/layout_quine.vim does not exist
E       assert False
E        +  where False = exists()
E        +    where exists = PosixPath('/app/plugin/layout_quine.vim').exists

/tests/test_outputs.py:11: AssertionError
_________________________ test_plugin_defines_command __________________________

    def test_plugin_defines_command():
        """Test that the plugin defines a LayoutQuine command."""
        plugin_path = Path("/app/plugin/layout_quine.vim")
>       content = plugin_path.read_text()
                  ^^^^^^^^^^^^^^^^^^^^^^^

/tests/test_outputs.py:17: 
_ _ _ _ _ _ _ _ _ _ _ _ _ _ _ _ _ _ _ _ _ _ _ _ _ _ _ _ _ _ _ _ _ _ _ _ _ _ _ _ 
/usr/local/lib/python3.13/pathlib/_local.py:546: in read_text
    return PathBase.read_text(self, encoding, errors, newline)
           ^^^^^^^^^^^^^^^^^^^^^^^^^^^^^^^^^^^^^^^^^^^^^^^^^^^
/usr/local/lib/python3.13/pathlib/_abc.py:632: in read_text
    with self.open(mode='r', encoding=encoding, errors=errors, newline=newline) as f:
         ^^^^^^^^^^^^^^^^^^^^^^^^^^^^^^^^^^^^^^^^^^^^^^^^^^^^^^^^^^^^^^^^^^^^^^
_ _ _ _ _ _ _ _ _ _ _ _ _ _ _ _ _ _ _ _ _ _ _ _ _ _ _ _ _ _ _ _ _ _ _ _ _ _ _ _ 

self = PosixPath('/app/plugin/layout_quine.vim'), mode = 'r', buffering = -1
encoding = 'utf-8', errors = None, newline = None

    def open(self, mode='r', buffering=-1, encoding=None,
             errors=None, newline=None):
        """
        Open the file pointed to by this path and return a file object, as
        the built-in open() function does.
        """
        if "b" not in mode:
            encoding = io.text_encoding(encoding)
>       return io.open(self, mode, buffering, encoding, errors, newline)
               ^^^^^^^^^^^^^^^^^^^^^^^^^^^^^^^^^^^^^^^^^^^^^^^^^^^^^^^^^
E       FileNotFoundError: [Errno 2] No such file or directory: '/app/plugin/layout_quine.vim'

/usr/local/lib/python3.13/pathlib/_local.py:537: FileNotFoundError
__________________ test_layout_quine_multi_tab_functionality ___________________

    def test_layout_quine_multi_tab_functionality():
        """Test that LayoutQuine command works with multiple tabs and generates a script."""
        # Create test files
        with tempfile.TemporaryDirectory(dir="/app") as tmp_dir:
            tmp_path = Path(tmp_dir)
            test_file1 = tmp_path / "file1.txt"
            test_file2 = tmp_path / "file2.txt"
            quine_output = tmp_path / "quine.vim"
    
            test_file1.write_text("line1\nline2\nline3\n")
            test_file2.write_text("alpha\nbeta\ngamma\n")
    
            # Create a vim script to set up the multi-tab layout
            setup_script = tmp_path / "setup.vim"
            setup_script.write_text(f"""
    set rtp+=/app
    cd {tmp_dir}
    source /app/plugin/layout_quine.vim
    edit file1.txt
    normal! 2G1|
    vsplit file2.txt
    wincmd l
    normal! 3G2|
    tabnew
    edit file2.txt
    normal! 1G1|
    LayoutQuine {quine_output}
    qall!
    """)
    
            # Run vim with the setup script
            cmd = ["vim", "-Es", "-u", "NONE", "-n", "-S", str(setup_script)]
    
            result = subprocess.run(cmd, capture_output=True, text=True, cwd="/app")
>           assert result.returncode == 0, f"Vim command failed: {result.stderr}"
E           AssertionError: Vim command failed: 
E           assert 1 == 0
E            +  where 1 = CompletedProcess(args=['vim', '-Es', '-u', 'NONE', '-n', '-S', '/app/tmpzec5f1h0/setup.vim'], returncode=1, stdout='', stderr='').returncode

/tests/test_outputs.py:57: AssertionError
_______________________ test_layout_quine_script_format ________________________

    def test_layout_quine_script_format():
        """Behavior-based verification of reconstructed layout.
    
        This test creates a layout (file opened, a split, then a new tab becomes
        active) and invokes :LayoutQuine to generate a Vimscript. Instead of
        asserting specific command strings in the output, we launch a clean Vim
        instance, source the generated script, and query the resulting editor
        state. We then assert that the reconstructed session matches the expected
        properties derived from the setup: filename, tab count, and window count in the
        active tab. This makes the test resilient to different
        but valid implementation choices in the generated Vimscript.
        """
        # Create test files
        with tempfile.TemporaryDirectory(dir="/app") as tmp_dir:
            tmp_path = Path(tmp_dir)
            test_file = tmp_path / "test.txt"
            quine_output = tmp_path / "quine.vim"
    
            test_file.write_text("test content\n")
    
            # Create a vim script with actual multi-tab/window layout to quine
            setup_script = tmp_path / "setup.vim"
            setup_script.write_text(f"""
    set rtp+=/app
    cd {tmp_dir}
    source /app/plugin/layout_quine.vim
    edit test.txt
    normal! 1G1|
    vsplit
    tabnew
    edit test.txt
    normal! 1G1|
    LayoutQuine {quine_output}
    qall!
    """)
    
            # Run vim with the setup script
            cmd = ["vim", "-Es", "-u", "NONE", "-n", "-S", str(setup_script)]
            result = subprocess.run(cmd, capture_output=True, text=True, cwd="/app")
>           assert result.returncode == 0, f"Vim command failed: {result.stderr}"
E           AssertionError: Vim command failed: 
E           assert 1 == 0
E            +  where 1 = CompletedProcess(args=['vim', '-Es', '-u', 'NONE', '-n', '-S', '/app/tmpaf4n_h80/setup.vim'], returncode=1, stdout='', stderr='').returncode

/tests/test_outputs.py:106: AssertionError
______________________ test_layout_quine_recreates_buffer ______________________

    def test_layout_quine_recreates_buffer():
        """Behavior-based verification that the generated script recreates
        the active buffer.
    
        This test creates a simple layout (single buffer opened) and invokes
        :LayoutQuine to generate a Vimscript. We then launch a clean Vim instance,
        source the generated script, and assert that the active buffer name matches
        the original session. This avoids brittle string checks and validates
        functional equivalence.
        """
        # Create test files
        with tempfile.TemporaryDirectory(dir="/app") as tmp_dir:
            tmp_path = Path(tmp_dir)
            test_file = tmp_path / "simple.txt"
            quine_output = tmp_path / "recreation.vim"
    
            test_file.write_text("line1\nline2\nline3\n")
    
            # First: Create layout and generate quine
            setup_script = tmp_path / "setup.vim"
            setup_script.write_text(f"""
    set rtp+=/app
    cd {tmp_dir}
    source /app/plugin/layout_quine.vim
    edit simple.txt
    normal! 2G3|
    LayoutQuine {quine_output}
    qall!
    """)
    
            cmd1 = ["vim", "-Es", "-u", "NONE", "-n", "-S", str(setup_script)]
            result1 = subprocess.run(cmd1, capture_output=True, text=True, cwd="/app")
>           assert result1.returncode == 0, f"First vim command failed: {result1.stderr}"
E           AssertionError: First vim command failed: 
E           assert 1 == 0
E            +  where 1 = CompletedProcess(args=['vim', '-Es', '-u', 'NONE', '-n', '-S', '/app/tmpea0nvbl5/setup.vim'], returncode=1, stdout='', stderr='').returncode

/tests/test_outputs.py:180: AssertionError
__________________ test_layout_quine_split_topology_vertical ___________________

    def test_layout_quine_split_topology_vertical():
        """Behavior-based verification of vertical split topology via winlayout().
    
        This test creates a single-tab layout with a vertical split (two windows),
        generates a quine with :LayoutQuine, then sources the generated script in a
        clean Vim instance and inspects the window layout tree using winlayout().
        It asserts that the top-level node is 'col' (vertical split) with two
        children, validating that the split orientation and arity were preserved.
        """
    
        with tempfile.TemporaryDirectory(dir="/app") as tmp_dir:
            tmp_path = Path(tmp_dir)
            test_file = tmp_path / "layout.txt"
            quine_output = tmp_path / "quine.vim"
    
            test_file.write_text("a\nb\nc\n")
    
            # Create a layout with a vertical split
            setup_script = tmp_path / "setup.vim"
            setup_script.write_text(
                f"""
    set rtp+=/app
    cd {tmp_dir}
    source /app/plugin/layout_quine.vim
    edit layout.txt
    normal! 1G1|
    vsplit
    LayoutQuine {quine_output}
    qall!
    """
            )
    
            cmd1 = ["vim", "-Es", "-u", "NONE", "-n", "-S", str(setup_script)]
            result1 = subprocess.run(cmd1, capture_output=True, text=True, cwd="/app")
>           assert result1.returncode == 0, f"Vim command failed: {result1.stderr}"
E           AssertionError: Vim command failed: 
E           assert 1 == 0
E            +  where 1 = CompletedProcess(args=['vim', '-Es', '-u', 'NONE', '-n', '-S', '/app/tmprdo0yu6j/setup.vim'], returncode=1, stdout='', stderr='').returncode

/tests/test_outputs.py:256: AssertionError
_________________ test_layout_quine_split_topology_horizontal __________________

    def test_layout_quine_split_topology_horizontal():
        """Behavior-based verification of horizontal split topology via winlayout()."""
    
        with tempfile.TemporaryDirectory(dir="/app") as tmp_dir:
            tmp_path = Path(tmp_dir)
            test_file = tmp_path / "layout.txt"
            quine_output = tmp_path / "quine.vim"
    
            test_file.write_text("x\ny\nz\n")
    
            # Create a layout with a horizontal split
            setup_script = tmp_path / "setup.vim"
            setup_script.write_text(
                f"""
    set rtp+=/app
    cd {tmp_dir}
    source /app/plugin/layout_quine.vim
    edit layout.txt
    normal! 1G1|
    split
    LayoutQuine {quine_output}
    qall!
    """
            )
    
            cmd1 = ["vim", "-Es", "-u", "NONE", "-n", "-S", str(setup_script)]
            result1 = subprocess.run(cmd1, capture_output=True, text=True, cwd="/app")
>           assert result1.returncode == 0, f"Vim command failed: {result1.stderr}"
E           AssertionError: Vim command failed: 
E           assert 1 == 0
E            +  where 1 = CompletedProcess(args=['vim', '-Es', '-u', 'NONE', '-n', '-S', '/app/tmp7bf3zw4w/setup.vim'], returncode=1, stdout='', stderr='').returncode

/tests/test_outputs.py:322: AssertionError
_____________________ test_layout_quine_buffers_per_window _____________________

    def test_layout_quine_buffers_per_window():
        """Verify that buffers per window are reconstructed for a split layout."""
    
        with tempfile.TemporaryDirectory(dir="/app") as tmp_dir:
            tmp_path = Path(tmp_dir)
            f1 = tmp_path / "left.txt"
            f2 = tmp_path / "right.txt"
            quine_output = tmp_path / "quine.vim"
    
            f1.write_text("L\n")
            f2.write_text("R\n")
    
            setup_script = tmp_path / "setup.vim"
            setup_script.write_text(
                f"""
    set rtp+=/app
    cd {tmp_dir}
    source /app/plugin/layout_quine.vim
    edit left.txt
    vsplit right.txt
    LayoutQuine {quine_output}
    qall!
    """
            )
    
            cmd1 = ["vim", "-Es", "-u", "NONE", "-n", "-S", str(setup_script)]
            result1 = subprocess.run(cmd1, capture_output=True, text=True, cwd="/app")
>           assert result1.returncode == 0, f"Vim command failed: {result1.stderr}"
E           AssertionError: Vim command failed: 
E           assert 1 == 0
E            +  where 1 = CompletedProcess(args=['vim', '-Es', '-u', 'NONE', '-n', '-S', '/app/tmp_p2688_w/setup.vim'], returncode=1, stdout='', stderr='').returncode

/tests/test_outputs.py:388: AssertionError
=========================== short test summary info ============================
FAILED ../tests/test_outputs.py::test_plugin_exists - AssertionError: Plugin ...
FAILED ../tests/test_outputs.py::test_plugin_defines_command - FileNotFoundEr...
FAILED ../tests/test_outputs.py::test_layout_quine_multi_tab_functionality - ...
FAILED ../tests/test_outputs.py::test_layout_quine_script_format - AssertionE...
FAILED ../tests/test_outputs.py::test_layout_quine_recreates_buffer - Asserti...
FAILED ../tests/test_outputs.py::test_layout_quine_split_topology_vertical - ...
FAILED ../tests/test_outputs.py::test_layout_quine_split_topology_horizontal
FAILED ../tests/test_outputs.py::test_layout_quine_buffers_per_window - Asser...
============================== 8 failed in 0.12s ===============================
